Training:   0%|          | 100/20000 [01:18<3:10:35,  1.74step/s]INFO 2026-04-27 09:49:42 ot_train.py:451 step:100 smpl:100 ep:1 epch:0.00 loss:1.898 grdn:9.630 lr:1.9e-06 updt_s:0.524 data_s:0.256
Training:   1%|1         | 200/20000 [02:10<2:46:44,  1.98step/s]INFO 2026-04-27 09:50:34 ot_train.py:451 step:200 smpl:200 ep:1 epch:0.00 loss:1.743 grdn:8.413 lr:5.7e-06 updt_s:0.516 data_s:0.005
Training:   2%|1         | 300/20000 [03:03<2:52:08,  1.91step/s]INFO 2026-04-27 09:51:27 ot_train.py:451 step:300 smpl:300 ep:2 epch:0.00 loss:1.548 grdn:7.939 lr:9.4e-06 updt_s:0.521 data_s:0.005
Training:   2%|2         | 400/20000 [03:55<3:19:39,  1.64step/s]INFO 2026-04-27 09:52:19 ot_train.py:451 step:400 smpl:400 ep:2 epch:0.00 loss:1.326 grdn:7.865 lr:1.3e-05 updt_s:0.518 data_s:0.004
Training:   2%|2         | 500/20000 [04:47<2:38:10,  2.05step/s]INFO 2026-04-27 09:53:11 ot_train.py:451 step:500 smpl:500 ep:3 epch:0.00 loss:1.127 grdn:8.628 lr:1.7e-05 updt_s:0.519 data_s:0.004
Training:   3%|3         | 600/20000 [05:40<2:49:57,  1.90step/s]INFO 2026-04-27 09:54:04 ot_train.py:451 step:600 smpl:600 ep:4 epch:0.00 loss:0.985 grdn:7.574 lr:2.1e-05 updt_s:0.521 data_s:0.005
Training:   4%|3         | 700/20000 [06:33<2:53:02,  1.86step/s]INFO 2026-04-27 09:54:57 ot_train.py:451 step:700 smpl:700 ep:4 epch:0.00 loss:0.904 grdn:7.521 lr:2.4e-05 updt_s:0.519 data_s:0.005
Training:   4%|4         | 800/20000 [07:27<3:10:12,  1.68step/s]INFO 2026-04-27 09:55:51 ot_train.py:451 step:800 smpl:800 ep:5 epch:0.00 loss:0.908 grdn:7.023 lr:2.5e-05 updt_s:0.541 data_s:0.005
Training:   4%|4         | 900/20000 [08:25<2:40:51,  1.98step/s]INFO 2026-04-27 09:56:49 ot_train.py:451 step:900 smpl:900 ep:6 epch:0.00 loss:0.914 grdn:7.089 lr:2.5e-05 updt_s:0.571 data_s:0.004
Training:   5%|5         | 1000/20000 [09:26<3:12:55,  1.64step/s]INFO 2026-04-27 09:57:50 ot_train.py:451 step:1K smpl:1K ep:6 epch:0.00 loss:0.910 grdn:6.939 lr:2.5e-05 updt_s:0.600 data_s:0.005
Training:   6%|5         | 1100/20000 [10:23<2:55:37,  1.79step/s]INFO 2026-04-27 09:58:47 ot_train.py:451 step:1K smpl:1K ep:7 epch:0.00 loss:0.928 grdn:7.115 lr:2.5e-05 updt_s:0.572 data_s:0.005
Training:   6%|6         | 1200/20000 [11:22<2:44:03,  1.91step/s]INFO 2026-04-27 09:59:46 ot_train.py:451 step:1K smpl:1K ep:7 epch:0.00 loss:0.892 grdn:6.552 lr:2.5e-05 updt_s:0.579 data_s:0.005
Training:   6%|6         | 1300/20000 [12:22<2:55:58,  1.77step/s]INFO 2026-04-27 10:00:46 ot_train.py:451 step:1K smpl:1K ep:8 epch:0.00 loss:0.864 grdn:6.566 lr:2.5e-05 updt_s:0.590 data_s:0.004
Training:   7%|7         | 1400/20000 [13:16<2:36:14,  1.98step/s]INFO 2026-04-27 10:01:40 ot_train.py:451 step:1K smpl:1K ep:9 epch:0.01 loss:0.886 grdn:6.576 lr:2.5e-05 updt_s:0.538 data_s:0.005
Training:   8%|7         | 1500/20000 [14:08<2:51:25,  1.80step/s]INFO 2026-04-27 10:02:32 ot_train.py:451 step:2K smpl:2K ep:9 epch:0.01 loss:0.871 grdn:6.394 lr:2.5e-05 updt_s:0.510 data_s:0.005
Training:   8%|8         | 1600/20000 [15:00<2:52:20,  1.78step/s]INFO 2026-04-27 10:03:24 ot_train.py:451 step:2K smpl:2K ep:10 epch:0.01 loss:0.813 grdn:6.475 lr:2.5e-05 updt_s:0.517 data_s:0.005
Training:   8%|8         | 1700/20000 [15:51<2:33:26,  1.99step/s]INFO 2026-04-27 10:04:15 ot_train.py:451 step:2K smpl:2K ep:11 epch:0.01 loss:0.751 grdn:6.257 lr:2.5e-05 updt_s:0.503 data_s:0.004
Training:   9%|9         | 1800/20000 [16:42<2:42:38,  1.87step/s]INFO 2026-04-27 10:05:06 ot_train.py:451 step:2K smpl:2K ep:11 epch:0.01 loss:0.687 grdn:6.259 lr:2.5e-05 updt_s:0.509 data_s:0.005
Training:  10%|9         | 1900/20000 [17:37<3:29:27,  1.44step/s]INFO 2026-04-27 10:06:01 ot_train.py:451 step:2K smpl:2K ep:12 epch:0.01 loss:0.626 grdn:6.881 lr:2.5e-05 updt_s:0.538 data_s:0.005
Training:  10%|#         | 2000/20000 [18:37<3:15:00,  1.54step/s]INFO 2026-04-27 10:07:01 ot_train.py:451 step:2K smpl:2K ep:12 epch:0.01 loss:0.575 grdn:6.720 lr:2.4e-05 updt_s:0.600 data_s:0.005
Training:  10%|#         | 2100/20000 [19:37<3:12:12,  1.55step/s]INFO 2026-04-27 10:08:01 ot_train.py:451 step:2K smpl:2K ep:13 epch:0.01 loss:0.586 grdn:7.175 lr:2.4e-05 updt_s:0.591 data_s:0.005
Training:  11%|#1        | 2200/20000 [20:30<2:26:22,  2.03step/s]INFO 2026-04-27 10:08:54 ot_train.py:451 step:2K smpl:2K ep:14 epch:0.01 loss:0.543 grdn:6.691 lr:2.4e-05 updt_s:0.526 data_s:0.005
Training:  12%|#1        | 2300/20000 [21:25<2:43:42,  1.80step/s]INFO 2026-04-27 10:09:49 ot_train.py:451 step:2K smpl:2K ep:14 epch:0.01 loss:0.510 grdn:6.433 lr:2.4e-05 updt_s:0.542 data_s:0.004
Training:  12%|#2        | 2400/20000 [22:19<2:34:55,  1.89step/s]INFO 2026-04-27 10:10:43 ot_train.py:451 step:2K smpl:2K ep:15 epch:0.01 loss:0.527 grdn:6.277 lr:2.4e-05 updt_s:0.537 data_s:0.004
Training:  12%|#2        | 2500/20000 [23:15<2:39:03,  1.83step/s]INFO 2026-04-27 10:11:38 ot_train.py:451 step:2K smpl:2K ep:15 epch:0.01 loss:0.530 grdn:6.760 lr:2.4e-05 updt_s:0.545 data_s:0.004
Training:  13%|#3        | 2600/20000 [24:09<2:37:11,  1.84step/s]INFO 2026-04-27 10:12:33 ot_train.py:451 step:3K smpl:3K ep:16 epch:0.01 loss:0.542 grdn:6.428 lr:2.4e-05 updt_s:0.540 data_s:0.004
Training:  14%|#3        | 2700/20000 [25:03<2:33:43,  1.88step/s]INFO 2026-04-27 10:13:27 ot_train.py:451 step:3K smpl:3K ep:17 epch:0.01 loss:0.522 grdn:6.240 lr:2.4e-05 updt_s:0.531 data_s:0.004
Training:  14%|#4        | 2800/20000 [25:57<2:34:57,  1.85step/s]INFO 2026-04-27 10:14:21 ot_train.py:451 step:3K smpl:3K ep:17 epch:0.01 loss:0.490 grdn:6.274 lr:2.4e-05 updt_s:0.540 data_s:0.004
Training:  14%|#4        | 2900/20000 [26:51<2:37:21,  1.81step/s]INFO 2026-04-27 10:15:15 ot_train.py:451 step:3K smpl:3K ep:18 epch:0.01 loss:0.494 grdn:6.438 lr:2.4e-05 updt_s:0.532 data_s:0.005
Training:  15%|#5        | 3000/20000 [27:51<3:02:17,  1.55step/s]INFO 2026-04-27 10:16:15 ot_train.py:451 step:3K smpl:3K ep:19 epch:0.01 loss:0.480 grdn:6.349 lr:2.4e-05 updt_s:0.591 data_s:0.005
Training:  16%|#5        | 3100/20000 [28:48<2:47:41,  1.68step/s]INFO 2026-04-27 10:17:12 ot_train.py:451 step:3K smpl:3K ep:19 epch:0.01 loss:0.464 grdn:5.711 lr:2.4e-05 updt_s:0.566 data_s:0.005
Training:  16%|#6        | 3200/20000 [29:45<2:40:11,  1.75step/s]INFO 2026-04-27 10:18:09 ot_train.py:451 step:3K smpl:3K ep:20 epch:0.01 loss:0.462 grdn:6.218 lr:2.4e-05 updt_s:0.564 data_s:0.004
Training:  16%|#6        | 3300/20000 [30:37<2:36:20,  1.78step/s]INFO 2026-04-27 10:19:01 ot_train.py:451 step:3K smpl:3K ep:20 epch:0.01 loss:0.475 grdn:6.105 lr:2.4e-05 updt_s:0.519 data_s:0.005
Training:  17%|#7        | 3400/20000 [31:32<2:36:14,  1.77step/s]INFO 2026-04-27 10:19:56 ot_train.py:451 step:3K smpl:3K ep:21 epch:0.01 loss:0.490 grdn:6.519 lr:2.3e-05 updt_s:0.536 data_s:0.004
Training:  18%|#7        | 3500/20000 [32:25<2:29:10,  1.84step/s]INFO 2026-04-27 10:20:49 ot_train.py:451 step:4K smpl:4K ep:22 epch:0.01 loss:0.464 grdn:6.100 lr:2.3e-05 updt_s:0.523 data_s:0.004
Training:  18%|#8        | 3600/20000 [33:22<2:32:59,  1.79step/s]INFO 2026-04-27 10:21:46 ot_train.py:451 step:4K smpl:4K ep:22 epch:0.01 loss:0.453 grdn:6.303 lr:2.3e-05 updt_s:0.565 data_s:0.005
Training:  18%|#8        | 3700/20000 [34:14<2:20:05,  1.94step/s]INFO 2026-04-27 10:22:37 ot_train.py:451 step:4K smpl:4K ep:23 epch:0.01 loss:0.458 grdn:5.605 lr:2.3e-05 updt_s:0.512 data_s:0.005
Training:  19%|#9        | 3800/20000 [35:06<2:24:24,  1.87step/s]INFO 2026-04-27 10:23:30 ot_train.py:451 step:4K smpl:4K ep:24 epch:0.01 loss:0.450 grdn:5.679 lr:2.3e-05 updt_s:0.521 data_s:0.005
Training:  20%|#9        | 3900/20000 [36:03<2:27:54,  1.81step/s]INFO 2026-04-27 10:24:27 ot_train.py:451 step:4K smpl:4K ep:24 epch:0.01 loss:0.478 grdn:6.283 lr:2.3e-05 updt_s:0.566 data_s:0.005
Training:  20%|##        | 4000/20000 [37:00<2:27:56,  1.80step/s]INFO 2026-04-27 10:25:24 ot_train.py:451 step:4K smpl:4K ep:25 epch:0.01 loss:0.419 grdn:5.753 lr:2.3e-05 updt_s:0.555 data_s:0.004
Training:  20%|##        | 4100/20000 [37:52<2:17:09,  1.93step/s]INFO 2026-04-27 10:26:16 ot_train.py:451 step:4K smpl:4K ep:25 epch:0.01 loss:0.455 grdn:5.514 lr:2.3e-05 updt_s:0.521 data_s:0.004
Training:  21%|##1       | 4200/20000 [38:45<2:16:34,  1.93step/s]INFO 2026-04-27 10:27:09 ot_train.py:451 step:4K smpl:4K ep:26 epch:0.02 loss:0.448 grdn:5.608 lr:2.3e-05 updt_s:0.527 data_s:0.005
Training:  22%|##1       | 4300/20000 [39:39<2:12:57,  1.97step/s]INFO 2026-04-27 10:28:02 ot_train.py:451 step:4K smpl:4K ep:27 epch:0.02 loss:0.429 grdn:5.429 lr:2.3e-05 updt_s:0.525 data_s:0.005
Training:  22%|##2       | 4400/20000 [40:32<2:16:54,  1.90step/s]INFO 2026-04-27 10:28:56 ot_train.py:451 step:4K smpl:4K ep:27 epch:0.02 loss:0.445 grdn:5.506 lr:2.2e-05 updt_s:0.531 data_s:0.005
Training:  22%|##2       | 4500/20000 [41:27<2:21:21,  1.83step/s]INFO 2026-04-27 10:29:51 ot_train.py:451 step:4K smpl:4K ep:28 epch:0.02 loss:0.454 grdn:5.795 lr:2.2e-05 updt_s:0.541 data_s:0.005
Training:  23%|##3       | 4600/20000 [42:21<2:15:51,  1.89step/s]INFO 2026-04-27 10:30:45 ot_train.py:451 step:5K smpl:5K ep:28 epch:0.02 loss:0.452 grdn:5.676 lr:2.2e-05 updt_s:0.530 data_s:0.005
Training:  24%|##3       | 4700/20000 [43:15<2:18:29,  1.84step/s]INFO 2026-04-27 10:31:38 ot_train.py:451 step:5K smpl:5K ep:29 epch:0.02 loss:0.428 grdn:5.574 lr:2.2e-05 updt_s:0.533 data_s:0.005
Training:  24%|##4       | 4800/20000 [44:06<2:06:39,  2.00step/s]INFO 2026-04-27 10:32:30 ot_train.py:451 step:5K smpl:5K ep:30 epch:0.02 loss:0.420 grdn:5.339 lr:2.2e-05 updt_s:0.512 data_s:0.005
Training:  24%|##4       | 4900/20000 [44:59<2:13:06,  1.89step/s]INFO 2026-04-27 10:33:23 ot_train.py:451 step:5K smpl:5K ep:30 epch:0.02 loss:0.452 grdn:6.351 lr:2.2e-05 updt_s:0.517 data_s:0.005
Training:  25%|##5       | 5000/20000 [45:48<2:03:18,  2.03step/s]INFO 2026-04-27 10:34:12 ot_train.py:451 step:5K smpl:5K ep:31 epch:0.02 loss:0.422 grdn:5.527 lr:2.2e-05 updt_s:0.491 data_s:0.005
Training:  26%|##5       | 5100/20000 [47:19<2:52:46,  1.44step/s]INFO 2026-04-27 10:35:43 ot_train.py:451 step:5K smpl:5K ep:32 epch:0.02 loss:0.414 grdn:5.539 lr:2.2e-05 updt_s:0.708 data_s:0.005
Training:  26%|##6       | 5200/20000 [48:25<2:22:06,  1.74step/s]INFO 2026-04-27 10:36:49 ot_train.py:451 step:5K smpl:5K ep:32 epch:0.02 loss:0.429 grdn:5.680 lr:2.2e-05 updt_s:0.656 data_s:0.005
Training:  26%|##6       | 5300/20000 [49:22<2:12:36,  1.85step/s]INFO 2026-04-27 10:37:46 ot_train.py:451 step:5K smpl:5K ep:33 epch:0.02 loss:0.416 grdn:5.528 lr:2.1e-05 updt_s:0.561 data_s:0.005
Training:  27%|##7       | 5400/20000 [50:20<2:13:54,  1.82step/s]INFO 2026-04-27 10:38:44 ot_train.py:451 step:5K smpl:5K ep:33 epch:0.02 loss:0.416 grdn:5.246 lr:2.1e-05 updt_s:0.578 data_s:0.005
Training:  28%|##7       | 5500/20000 [51:19<2:17:53,  1.75step/s]INFO 2026-04-27 10:39:43 ot_train.py:451 step:6K smpl:6K ep:34 epch:0.02 loss:0.424 grdn:5.310 lr:2.1e-05 updt_s:0.578 data_s:0.005
Training:  28%|##8       | 5600/20000 [52:18<2:09:22,  1.86step/s]INFO 2026-04-27 10:40:42 ot_train.py:451 step:6K smpl:6K ep:35 epch:0.02 loss:0.407 grdn:5.399 lr:2.1e-05 updt_s:0.585 data_s:0.005
Training:  28%|##8       | 5700/20000 [53:16<2:16:03,  1.75step/s]INFO 2026-04-27 10:41:40 ot_train.py:451 step:6K smpl:6K ep:35 epch:0.02 loss:0.441 grdn:5.687 lr:2.1e-05 updt_s:0.574 data_s:0.005
Training:  29%|##9       | 5800/20000 [54:15<2:25:29,  1.63step/s]INFO 2026-04-27 10:42:39 ot_train.py:451 step:6K smpl:6K ep:36 epch:0.02 loss:0.396 grdn:5.268 lr:2.1e-05 updt_s:0.584 data_s:0.005
Training:  30%|##9       | 5900/20000 [55:13<2:04:54,  1.88step/s]INFO 2026-04-27 10:43:37 ot_train.py:451 step:6K smpl:6K ep:37 epch:0.02 loss:0.383 grdn:5.055 lr:2.1e-05 updt_s:0.570 data_s:0.005
Training:  30%|###       | 6000/20000 [56:11<2:13:03,  1.75step/s]INFO 2026-04-27 10:44:35 ot_train.py:451 step:6K smpl:6K ep:37 epch:0.02 loss:0.406 grdn:5.595 lr:2.0e-05 updt_s:0.580 data_s:0.004
Training:  30%|###       | 6100/20000 [57:06<1:56:32,  1.99step/s]INFO 2026-04-27 10:45:30 ot_train.py:451 step:6K smpl:6K ep:38 epch:0.02 loss:0.370 grdn:5.260 lr:2.0e-05 updt_s:0.547 data_s:0.005
Training:  31%|###1      | 6200/20000 [57:59<2:01:36,  1.89step/s]INFO 2026-04-27 10:46:23 ot_train.py:451 step:6K smpl:6K ep:38 epch:0.02 loss:0.382 grdn:5.325 lr:2.0e-05 updt_s:0.518 data_s:0.005
Training:  32%|###1      | 6300/20000 [58:51<2:09:47,  1.76step/s]INFO 2026-04-27 10:47:15 ot_train.py:451 step:6K smpl:6K ep:39 epch:0.02 loss:0.415 grdn:5.381 lr:2.0e-05 updt_s:0.514 data_s:0.005
Training:  32%|###2      | 6400/20000 [59:43<2:08:23,  1.77step/s]INFO 2026-04-27 10:48:07 ot_train.py:451 step:6K smpl:6K ep:40 epch:0.02 loss:0.411 grdn:5.692 lr:2.0e-05 updt_s:0.515 data_s:0.005
Training:  32%|###2      | 6500/20000 [1:00:36<1:51:01,  2.03step/s]INFO 2026-04-27 10:48:59 ot_train.py:451 step:6K smpl:6K ep:40 epch:0.02 loss:0.374 grdn:5.268 lr:2.0e-05 updt_s:0.520 data_s:0.005
Training:  33%|###3      | 6600/20000 [1:01:28<1:57:04,  1.91step/s]INFO 2026-04-27 10:49:52 ot_train.py:451 step:7K smpl:7K ep:41 epch:0.02 loss:0.404 grdn:5.216 lr:2.0e-05 updt_s:0.516 data_s:0.005
Training:  34%|###3      | 6700/20000 [1:02:22<1:53:44,  1.95step/s]INFO 2026-04-27 10:50:46 ot_train.py:451 step:7K smpl:7K ep:41 epch:0.02 loss:0.380 grdn:5.247 lr:1.9e-05 updt_s:0.533 data_s:0.004
Training:  34%|###4      | 6800/20000 [1:03:16<1:56:49,  1.88step/s]INFO 2026-04-27 10:51:39 ot_train.py:451 step:7K smpl:7K ep:42 epch:0.02 loss:0.386 grdn:4.961 lr:1.9e-05 updt_s:0.533 data_s:0.005
Training:  34%|###4      | 6900/20000 [1:04:09<1:56:20,  1.88step/s]INFO 2026-04-27 10:52:33 ot_train.py:451 step:7K smpl:7K ep:43 epch:0.03 loss:0.392 grdn:4.850 lr:1.9e-05 updt_s:0.529 data_s:0.005
Training:  35%|###5      | 7000/20000 [1:04:59<1:47:24,  2.02step/s]INFO 2026-04-27 10:53:23 ot_train.py:451 step:7K smpl:7K ep:43 epch:0.03 loss:0.358 grdn:4.830 lr:1.9e-05 updt_s:0.499 data_s:0.004
Training:  36%|###5      | 7100/20000 [1:05:49<1:46:33,  2.02step/s]INFO 2026-04-27 10:54:13 ot_train.py:451 step:7K smpl:7K ep:44 epch:0.03 loss:0.378 grdn:5.056 lr:1.9e-05 updt_s:0.494 data_s:0.005
Training:  36%|###6      | 7200/20000 [1:06:41<1:48:38,  1.96step/s]INFO 2026-04-27 10:55:05 ot_train.py:451 step:7K smpl:7K ep:45 epch:0.03 loss:0.414 grdn:4.874 lr:1.9e-05 updt_s:0.506 data_s:0.005
Training:  36%|###6      | 7300/20000 [1:07:32<1:45:19,  2.01step/s]INFO 2026-04-27 10:55:56 ot_train.py:451 step:7K smpl:7K ep:45 epch:0.03 loss:0.424 grdn:5.230 lr:1.8e-05 updt_s:0.504 data_s:0.005
Training:  37%|###7      | 7400/20000 [1:08:24<1:42:09,  2.06step/s]INFO 2026-04-27 10:56:48 ot_train.py:451 step:7K smpl:7K ep:46 epch:0.03 loss:0.358 grdn:4.910 lr:1.8e-05 updt_s:0.515 data_s:0.004
Training:  38%|###7      | 7500/20000 [1:09:16<1:49:29,  1.90step/s]INFO 2026-04-27 10:57:40 ot_train.py:451 step:8K smpl:8K ep:46 epch:0.03 loss:0.393 grdn:5.186 lr:1.8e-05 updt_s:0.521 data_s:0.004
Training:  38%|###8      | 7600/20000 [1:10:11<1:46:13,  1.95step/s]INFO 2026-04-27 10:58:35 ot_train.py:451 step:8K smpl:8K ep:47 epch:0.03 loss:0.380 grdn:4.969 lr:1.8e-05 updt_s:0.539 data_s:0.004
Training:  38%|###8      | 7700/20000 [1:11:03<1:42:14,  2.01step/s]INFO 2026-04-27 10:59:27 ot_train.py:451 step:8K smpl:8K ep:48 epch:0.03 loss:0.354 grdn:4.743 lr:1.8e-05 updt_s:0.512 data_s:0.005
Training:  39%|###9      | 7800/20000 [1:11:53<1:49:30,  1.86step/s]INFO 2026-04-27 11:00:17 ot_train.py:451 step:8K smpl:8K ep:48 epch:0.03 loss:0.345 grdn:4.953 lr:1.8e-05 updt_s:0.500 data_s:0.004
Training:  40%|###9      | 7900/20000 [1:12:46<1:43:11,  1.95step/s]INFO 2026-04-27 11:01:10 ot_train.py:451 step:8K smpl:8K ep:49 epch:0.03 loss:0.370 grdn:5.012 lr:1.7e-05 updt_s:0.520 data_s:0.005
Training:  40%|####      | 8000/20000 [1:13:37<1:38:54,  2.02step/s]INFO 2026-04-27 11:02:01 ot_train.py:451 step:8K smpl:8K ep:50 epch:0.03 loss:0.350 grdn:4.562 lr:1.7e-05 updt_s:0.506 data_s:0.005
Training:  40%|####      | 8100/20000 [1:14:46<2:21:27,  1.40step/s]INFO 2026-04-27 11:03:10 ot_train.py:451 step:8K smpl:8K ep:50 epch:0.03 loss:0.366 grdn:4.724 lr:1.7e-05 updt_s:0.679 data_s:0.006
Training:  41%|####1     | 8200/20000 [1:15:58<2:26:00,  1.35step/s]INFO 2026-04-27 11:04:22 ot_train.py:451 step:8K smpl:8K ep:51 epch:0.03 loss:0.350 grdn:4.686 lr:1.7e-05 updt_s:0.715 data_s:0.006
Training:  42%|####1     | 8300/20000 [1:17:08<2:09:28,  1.51step/s]INFO 2026-04-27 11:05:32 ot_train.py:451 step:8K smpl:8K ep:51 epch:0.03 loss:0.379 grdn:4.713 lr:1.7e-05 updt_s:0.694 data_s:0.006
Training:  42%|####2     | 8400/20000 [1:18:17<2:19:16,  1.39step/s]INFO 2026-04-27 11:06:41 ot_train.py:451 step:8K smpl:8K ep:52 epch:0.03 loss:0.347 grdn:4.804 lr:1.7e-05 updt_s:0.677 data_s:0.006
Training:  42%|####2     | 8500/20000 [1:19:28<2:06:48,  1.51step/s]INFO 2026-04-27 11:07:52 ot_train.py:451 step:8K smpl:8K ep:53 epch:0.03 loss:0.363 grdn:5.069 lr:1.6e-05 updt_s:0.702 data_s:0.006
Training:  43%|####3     | 8600/20000 [1:20:36<2:15:49,  1.40step/s]INFO 2026-04-27 11:09:00 ot_train.py:451 step:9K smpl:9K ep:53 epch:0.03 loss:0.349 grdn:4.839 lr:1.6e-05 updt_s:0.670 data_s:0.006
Training:  44%|####3     | 8700/20000 [1:21:44<2:18:57,  1.36step/s]INFO 2026-04-27 11:10:08 ot_train.py:451 step:9K smpl:9K ep:54 epch:0.03 loss:0.374 grdn:4.845 lr:1.6e-05 updt_s:0.679 data_s:0.006
Training:  44%|####4     | 8800/20000 [1:22:51<2:18:30,  1.35step/s]INFO 2026-04-27 11:11:15 ot_train.py:451 step:9K smpl:9K ep:54 epch:0.03 loss:0.356 grdn:4.879 lr:1.6e-05 updt_s:0.662 data_s:0.006
Training:  44%|####4     | 8900/20000 [1:23:59<2:27:48,  1.25step/s]INFO 2026-04-27 11:12:23 ot_train.py:451 step:9K smpl:9K ep:55 epch:0.03 loss:0.347 grdn:4.821 lr:1.6e-05 updt_s:0.668 data_s:0.006
Training:  45%|####5     | 9000/20000 [1:25:06<1:54:46,  1.60step/s]INFO 2026-04-27 11:13:30 ot_train.py:451 step:9K smpl:9K ep:56 epch:0.03 loss:0.342 grdn:4.591 lr:1.6e-05 updt_s:0.665 data_s:0.006
Training:  46%|####5     | 9100/20000 [1:26:13<1:56:40,  1.56step/s]INFO 2026-04-27 11:14:37 ot_train.py:451 step:9K smpl:9K ep:56 epch:0.03 loss:0.359 grdn:4.616 lr:1.5e-05 updt_s:0.661 data_s:0.006
Training:  46%|####6     | 9200/20000 [1:27:22<1:58:21,  1.52step/s]INFO 2026-04-27 11:15:46 ot_train.py:451 step:9K smpl:9K ep:57 epch:0.03 loss:0.364 grdn:4.950 lr:1.5e-05 updt_s:0.679 data_s:0.006
Training:  46%|####6     | 9300/20000 [1:28:30<2:07:20,  1.40step/s]INFO 2026-04-27 11:16:53 ot_train.py:451 step:9K smpl:9K ep:58 epch:0.03 loss:0.366 grdn:4.825 lr:1.5e-05 updt_s:0.670 data_s:0.007
Training:  47%|####6     | 9400/20000 [1:29:37<2:06:16,  1.40step/s]INFO 2026-04-27 11:18:01 ot_train.py:451 step:9K smpl:9K ep:58 epch:0.03 loss:0.336 grdn:4.627 lr:1.5e-05 updt_s:0.669 data_s:0.006
Training:  48%|####7     | 9500/20000 [1:30:45<1:53:52,  1.54step/s]INFO 2026-04-27 11:19:09 ot_train.py:451 step:10K smpl:10K ep:59 epch:0.03 loss:0.367 grdn:4.842 lr:1.5e-05 updt_s:0.669 data_s:0.006
Training:  48%|####8     | 9600/20000 [1:31:52<1:55:23,  1.50step/s]INFO 2026-04-27 11:20:16 ot_train.py:451 step:10K smpl:10K ep:59 epch:0.04 loss:0.369 grdn:4.860 lr:1.5e-05 updt_s:0.661 data_s:0.006
Training:  48%|####8     | 9700/20000 [1:32:59<2:03:54,  1.39step/s]INFO 2026-04-27 11:21:23 ot_train.py:451 step:10K smpl:10K ep:60 epch:0.04 loss:0.348 grdn:4.738 lr:1.4e-05 updt_s:0.668 data_s:0.007
Training:  49%|####9     | 9800/20000 [1:34:05<1:46:20,  1.60step/s]INFO 2026-04-27 11:22:29 ot_train.py:451 step:10K smpl:10K ep:61 epch:0.04 loss:0.323 grdn:4.413 lr:1.4e-05 updt_s:0.646 data_s:0.006
Training:  50%|####9     | 9900/20000 [1:35:09<1:40:13,  1.68step/s]INFO 2026-04-27 11:23:33 ot_train.py:451 step:10K smpl:10K ep:61 epch:0.04 loss:0.342 grdn:4.881 lr:1.4e-05 updt_s:0.636 data_s:0.006
Training:  50%|#####     | 10000/20000 [1:36:17<1:47:17,  1.55step/s]INFO 2026-04-27 11:24:41 ot_train.py:451 step:10K smpl:10K ep:62 epch:0.04 loss:0.347 grdn:4.722 lr:1.4e-05 updt_s:0.666 data_s:0.006
Training:  50%|#####     | 10100/20000 [1:37:48<1:45:48,  1.56step/s]INFO 2026-04-27 11:26:12 ot_train.py:451 step:10K smpl:10K ep:63 epch:0.04 loss:0.330 grdn:4.840 lr:1.4e-05 updt_s:0.674 data_s:0.007
Training:  51%|#####1    | 10200/20000 [1:38:54<1:39:15,  1.65step/s]INFO 2026-04-27 11:27:17 ot_train.py:451 step:10K smpl:10K ep:63 epch:0.04 loss:0.321 grdn:4.474 lr:1.3e-05 updt_s:0.646 data_s:0.006
Training:  52%|#####1    | 10300/20000 [1:39:59<1:43:30,  1.56step/s]INFO 2026-04-27 11:28:23 ot_train.py:451 step:10K smpl:10K ep:64 epch:0.04 loss:0.340 grdn:4.767 lr:1.3e-05 updt_s:0.645 data_s:0.006
Training:  52%|#####2    | 10400/20000 [1:41:05<1:49:39,  1.46step/s]INFO 2026-04-27 11:29:29 ot_train.py:451 step:10K smpl:10K ep:64 epch:0.04 loss:0.347 grdn:4.740 lr:1.3e-05 updt_s:0.651 data_s:0.007
Training:  52%|#####2    | 10500/20000 [1:42:10<1:46:08,  1.49step/s]INFO 2026-04-27 11:30:34 ot_train.py:451 step:10K smpl:10K ep:65 epch:0.04 loss:0.368 grdn:4.662 lr:1.3e-05 updt_s:0.648 data_s:0.006
Training:  53%|#####3    | 10600/20000 [1:43:18<2:03:37,  1.27step/s]INFO 2026-04-27 11:31:41 ot_train.py:451 step:11K smpl:11K ep:66 epch:0.04 loss:0.328 grdn:4.462 lr:1.3e-05 updt_s:0.664 data_s:0.006
Training:  54%|#####3    | 10700/20000 [1:44:23<1:45:21,  1.47step/s]INFO 2026-04-27 11:32:47 ot_train.py:451 step:11K smpl:11K ep:66 epch:0.04 loss:0.327 grdn:4.454 lr:1.3e-05 updt_s:0.644 data_s:0.006
Training:  54%|#####4    | 10800/20000 [1:45:28<1:43:28,  1.48step/s]INFO 2026-04-27 11:33:52 ot_train.py:451 step:11K smpl:11K ep:67 epch:0.04 loss:0.322 grdn:4.310 lr:1.2e-05 updt_s:0.648 data_s:0.006
Training:  55%|#####4    | 10900/20000 [1:46:34<1:43:21,  1.47step/s]INFO 2026-04-27 11:34:58 ot_train.py:451 step:11K smpl:11K ep:67 epch:0.04 loss:0.317 grdn:4.673 lr:1.2e-05 updt_s:0.653 data_s:0.007
Training:  55%|#####5    | 11000/20000 [1:47:40<1:33:04,  1.61step/s]INFO 2026-04-27 11:36:04 ot_train.py:451 step:11K smpl:11K ep:68 epch:0.04 loss:0.378 grdn:4.925 lr:1.2e-05 updt_s:0.646 data_s:0.006
Training:  56%|#####5    | 11100/20000 [1:48:46<1:35:28,  1.55step/s]INFO 2026-04-27 11:37:10 ot_train.py:451 step:11K smpl:11K ep:69 epch:0.04 loss:0.364 grdn:4.803 lr:1.2e-05 updt_s:0.658 data_s:0.007
Training:  56%|#####6    | 11200/20000 [1:49:52<1:38:55,  1.48step/s]INFO 2026-04-27 11:38:16 ot_train.py:451 step:11K smpl:11K ep:69 epch:0.04 loss:0.350 grdn:4.649 lr:1.2e-05 updt_s:0.644 data_s:0.006
Training:  56%|#####6    | 11300/20000 [1:50:57<1:29:40,  1.62step/s]INFO 2026-04-27 11:39:21 ot_train.py:451 step:11K smpl:11K ep:70 epch:0.04 loss:0.344 grdn:4.651 lr:1.2e-05 updt_s:0.647 data_s:0.007
Training:  57%|#####6    | 11400/20000 [1:52:02<1:28:47,  1.61step/s]INFO 2026-04-27 11:40:26 ot_train.py:451 step:11K smpl:11K ep:71 epch:0.04 loss:0.333 grdn:4.726 lr:1.1e-05 updt_s:0.640 data_s:0.007
Training:  57%|#####7    | 11500/20000 [1:53:08<1:36:18,  1.47step/s]INFO 2026-04-27 11:41:32 ot_train.py:451 step:12K smpl:12K ep:71 epch:0.04 loss:0.358 grdn:4.740 lr:1.1e-05 updt_s:0.649 data_s:0.006
Training:  58%|#####8    | 11600/20000 [1:54:11<1:20:59,  1.73step/s]INFO 2026-04-27 11:42:35 ot_train.py:451 step:12K smpl:12K ep:72 epch:0.04 loss:0.354 grdn:4.768 lr:1.1e-05 updt_s:0.628 data_s:0.006
Training:  58%|#####8    | 11700/20000 [1:55:17<1:23:18,  1.66step/s]INFO 2026-04-27 11:43:41 ot_train.py:451 step:12K smpl:12K ep:72 epch:0.04 loss:0.327 grdn:4.658 lr:1.1e-05 updt_s:0.646 data_s:0.006
Training:  59%|#####8    | 11800/20000 [1:56:22<1:22:14,  1.66step/s]INFO 2026-04-27 11:44:46 ot_train.py:451 step:12K smpl:12K ep:73 epch:0.04 loss:0.324 grdn:4.648 lr:1.1e-05 updt_s:0.646 data_s:0.006
Training:  60%|#####9    | 11900/20000 [1:57:28<1:24:46,  1.59step/s]INFO 2026-04-27 11:45:52 ot_train.py:451 step:12K smpl:12K ep:74 epch:0.04 loss:0.363 grdn:4.746 lr:1.1e-05 updt_s:0.650 data_s:0.006
Training:  60%|######    | 12000/20000 [1:58:34<1:28:10,  1.51step/s]INFO 2026-04-27 11:46:58 ot_train.py:451 step:12K smpl:12K ep:74 epch:0.04 loss:0.326 grdn:4.579 lr:1.0e-05 updt_s:0.657 data_s:0.007
Training:  60%|######    | 12100/20000 [1:59:41<1:23:21,  1.58step/s]INFO 2026-04-27 11:48:05 ot_train.py:451 step:12K smpl:12K ep:75 epch:0.04 loss:0.362 grdn:4.944 lr:1.0e-05 updt_s:0.660 data_s:0.006
Training:  61%|######1   | 12200/20000 [2:00:48<1:30:29,  1.44step/s]INFO 2026-04-27 11:49:12 ot_train.py:451 step:12K smpl:12K ep:76 epch:0.04 loss:0.329 grdn:4.658 lr:1.0e-05 updt_s:0.661 data_s:0.006
Training:  62%|######1   | 12300/20000 [2:01:54<1:26:23,  1.49step/s]INFO 2026-04-27 11:50:18 ot_train.py:451 step:12K smpl:12K ep:76 epch:0.04 loss:0.312 grdn:4.356 lr:9.9e-06 updt_s:0.654 data_s:0.006
Training:  62%|######2   | 12400/20000 [2:03:02<1:29:54,  1.41step/s]INFO 2026-04-27 11:51:26 ot_train.py:451 step:12K smpl:12K ep:77 epch:0.05 loss:0.319 grdn:4.767 lr:9.7e-06 updt_s:0.665 data_s:0.006
Training:  62%|######2   | 12500/20000 [2:04:07<1:20:05,  1.56step/s]INFO 2026-04-27 11:52:31 ot_train.py:451 step:12K smpl:12K ep:77 epch:0.05 loss:0.369 grdn:4.675 lr:9.5e-06 updt_s:0.650 data_s:0.006
Training:  63%|######3   | 12600/20000 [2:05:14<1:18:40,  1.57step/s]INFO 2026-04-27 11:53:38 ot_train.py:451 step:13K smpl:13K ep:78 epch:0.05 loss:0.351 grdn:4.773 lr:9.4e-06 updt_s:0.654 data_s:0.007
Training:  64%|######3   | 12700/20000 [2:06:20<1:26:00,  1.41step/s]INFO 2026-04-27 11:54:44 ot_train.py:451 step:13K smpl:13K ep:79 epch:0.05 loss:0.346 grdn:4.618 lr:9.2e-06 updt_s:0.657 data_s:0.007
Training:  64%|######4   | 12800/20000 [2:07:25<1:10:45,  1.70step/s]INFO 2026-04-27 11:55:49 ot_train.py:451 step:13K smpl:13K ep:79 epch:0.05 loss:0.343 grdn:4.512 lr:9.0e-06 updt_s:0.643 data_s:0.006
Training:  64%|######4   | 12900/20000 [2:08:31<1:22:23,  1.44step/s]INFO 2026-04-27 11:56:55 ot_train.py:451 step:13K smpl:13K ep:80 epch:0.05 loss:0.315 grdn:4.521 lr:8.9e-06 updt_s:0.643 data_s:0.006
Training:  65%|######5   | 13000/20000 [2:09:36<1:10:25,  1.66step/s]INFO 2026-04-27 11:58:00 ot_train.py:451 step:13K smpl:13K ep:80 epch:0.05 loss:0.317 grdn:4.383 lr:8.7e-06 updt_s:0.650 data_s:0.006
Training:  66%|######5   | 13100/20000 [2:10:42<1:16:26,  1.50step/s]INFO 2026-04-27 11:59:06 ot_train.py:451 step:13K smpl:13K ep:81 epch:0.05 loss:0.325 grdn:4.397 lr:8.6e-06 updt_s:0.651 data_s:0.006
Training:  66%|######6   | 13200/20000 [2:11:48<1:14:27,  1.52step/s]INFO 2026-04-27 12:00:12 ot_train.py:451 step:13K smpl:13K ep:82 epch:0.05 loss:0.346 grdn:4.817 lr:8.4e-06 updt_s:0.649 data_s:0.006
Training:  66%|######6   | 13300/20000 [2:12:52<1:16:17,  1.46step/s]INFO 2026-04-27 12:01:16 ot_train.py:451 step:13K smpl:13K ep:82 epch:0.05 loss:0.323 grdn:4.724 lr:8.3e-06 updt_s:0.629 data_s:0.006
Training:  67%|######7   | 13400/20000 [2:13:57<1:18:16,  1.41step/s]INFO 2026-04-27 12:02:21 ot_train.py:451 step:13K smpl:13K ep:83 epch:0.05 loss:0.320 grdn:4.737 lr:8.1e-06 updt_s:0.647 data_s:0.006
Training:  68%|######7   | 13500/20000 [2:15:03<1:05:28,  1.65step/s]INFO 2026-04-27 12:03:27 ot_train.py:451 step:14K smpl:14K ep:84 epch:0.05 loss:0.361 grdn:4.763 lr:7.9e-06 updt_s:0.648 data_s:0.006
Training:  68%|######8   | 13600/20000 [2:16:09<1:05:37,  1.63step/s]INFO 2026-04-27 12:04:33 ot_train.py:451 step:14K smpl:14K ep:84 epch:0.05 loss:0.285 grdn:4.451 lr:7.8e-06 updt_s:0.651 data_s:0.006
Training:  68%|######8   | 13700/20000 [2:17:15<1:12:31,  1.45step/s]INFO 2026-04-27 12:05:39 ot_train.py:451 step:14K smpl:14K ep:85 epch:0.05 loss:0.373 grdn:4.879 lr:7.6e-06 updt_s:0.654 data_s:0.007
Training:  69%|######9   | 13800/20000 [2:18:22<1:08:18,  1.51step/s]INFO 2026-04-27 12:06:46 ot_train.py:451 step:14K smpl:14K ep:85 epch:0.05 loss:0.328 grdn:4.647 lr:7.5e-06 updt_s:0.663 data_s:0.007
Training:  70%|######9   | 13900/20000 [2:19:28<1:00:55,  1.67step/s]INFO 2026-04-27 12:07:52 ot_train.py:451 step:14K smpl:14K ep:86 epch:0.05 loss:0.327 grdn:4.397 lr:7.4e-06 updt_s:0.656 data_s:0.007
Training:  70%|#######   | 14000/20000 [2:20:35<1:06:13,  1.51step/s]INFO 2026-04-27 12:08:59 ot_train.py:451 step:14K smpl:14K ep:87 epch:0.05 loss:0.312 grdn:4.532 lr:7.2e-06 updt_s:0.658 data_s:0.007
Training:  70%|#######   | 14100/20000 [2:21:41<1:08:30,  1.44step/s]INFO 2026-04-27 12:10:05 ot_train.py:451 step:14K smpl:14K ep:87 epch:0.05 loss:0.330 grdn:4.642 lr:7.1e-06 updt_s:0.653 data_s:0.006
Training:  71%|#######1  | 14200/20000 [2:22:46<1:11:56,  1.34step/s]INFO 2026-04-27 12:11:10 ot_train.py:451 step:14K smpl:14K ep:88 epch:0.05 loss:0.337 grdn:4.302 lr:6.9e-06 updt_s:0.645 data_s:0.006
Training:  72%|#######1  | 14300/20000 [2:23:53<1:05:07,  1.46step/s]INFO 2026-04-27 12:12:17 ot_train.py:451 step:14K smpl:14K ep:89 epch:0.05 loss:0.307 grdn:4.370 lr:6.8e-06 updt_s:0.657 data_s:0.007
Training:  72%|#######2  | 14400/20000 [2:24:59<1:02:26,  1.49step/s]INFO 2026-04-27 12:13:23 ot_train.py:451 step:14K smpl:14K ep:89 epch:0.05 loss:0.326 grdn:4.433 lr:6.6e-06 updt_s:0.656 data_s:0.006
Training:  72%|#######2  | 14500/20000 [2:26:05<1:01:45,  1.48step/s]INFO 2026-04-27 12:14:29 ot_train.py:451 step:14K smpl:14K ep:90 epch:0.05 loss:0.342 grdn:4.818 lr:6.5e-06 updt_s:0.651 data_s:0.006
Training:  73%|#######3  | 14600/20000 [2:27:12<57:28,  1.57step/s]INFO 2026-04-27 12:15:36 ot_train.py:451 step:15K smpl:15K ep:90 epch:0.05 loss:0.330 grdn:4.701 lr:6.4e-06 updt_s:0.660 data_s:0.007
Training:  74%|#######3  | 14700/20000 [2:28:18<56:08,  1.57step/s]INFO 2026-04-27 12:16:42 ot_train.py:451 step:15K smpl:15K ep:91 epch:0.05 loss:0.337 grdn:4.597 lr:6.2e-06 updt_s:0.653 data_s:0.006
Training:  74%|#######4  | 14800/20000 [2:29:25<54:18,  1.60step/s]INFO 2026-04-27 12:17:49 ot_train.py:451 step:15K smpl:15K ep:92 epch:0.05 loss:0.329 grdn:4.548 lr:6.1e-06 updt_s:0.657 data_s:0.006
Training:  74%|#######4  | 14900/20000 [2:30:31<55:01,  1.54step/s]INFO 2026-04-27 12:18:55 ot_train.py:451 step:15K smpl:15K ep:92 epch:0.05 loss:0.328 grdn:4.511 lr:6.0e-06 updt_s:0.656 data_s:0.006
Training:  75%|#######5  | 15000/20000 [2:31:39<1:04:05,  1.30step/s]INFO 2026-04-27 12:20:03 ot_train.py:451 step:15K smpl:15K ep:93 epch:0.05 loss:0.311 grdn:4.483 lr:5.9e-06 updt_s:0.676 data_s:0.007
Training:  76%|#######5  | 15100/20000 [2:33:11<52:38,  1.55step/s]INFO 2026-04-27 12:21:35 ot_train.py:451 step:15K smpl:15K ep:93 epch:0.06 loss:0.319 grdn:4.610 lr:5.7e-06 updt_s:0.676 data_s:0.006
Training:  76%|#######6  | 15200/20000 [2:34:17<52:35,  1.52step/s]INFO 2026-04-27 12:22:41 ot_train.py:451 step:15K smpl:15K ep:94 epch:0.06 loss:0.330 grdn:4.628 lr:5.6e-06 updt_s:0.654 data_s:0.006
Training:  76%|#######6  | 15300/20000 [2:35:24<53:37,  1.46step/s]INFO 2026-04-27 12:23:48 ot_train.py:451 step:15K smpl:15K ep:95 epch:0.06 loss:0.347 grdn:4.552 lr:5.5e-06 updt_s:0.660 data_s:0.007
Training:  77%|#######7  | 15400/20000 [2:36:30<50:15,  1.53step/s]INFO 2026-04-27 12:24:54 ot_train.py:451 step:15K smpl:15K ep:95 epch:0.06 loss:0.319 grdn:4.485 lr:5.4e-06 updt_s:0.647 data_s:0.007
Training:  78%|#######7  | 15500/20000 [2:37:36<47:13,  1.59step/s]INFO 2026-04-27 12:26:00 ot_train.py:451 step:16K smpl:16K ep:96 epch:0.06 loss:0.337 grdn:4.651 lr:5.3e-06 updt_s:0.651 data_s:0.006
Training:  78%|#######8  | 15600/20000 [2:38:41<46:26,  1.58step/s]INFO 2026-04-27 12:27:05 ot_train.py:451 step:16K smpl:16K ep:97 epch:0.06 loss:0.336 grdn:4.505 lr:5.1e-06 updt_s:0.647 data_s:0.006
Training:  78%|#######8  | 15700/20000 [2:39:49<51:00,  1.40step/s]INFO 2026-04-27 12:28:13 ot_train.py:451 step:16K smpl:16K ep:97 epch:0.06 loss:0.331 grdn:4.466 lr:5.0e-06 updt_s:0.671 data_s:0.006
Training:  79%|#######9  | 15800/20000 [2:40:56<48:19,  1.45step/s]INFO 2026-04-27 12:29:20 ot_train.py:451 step:16K smpl:16K ep:98 epch:0.06 loss:0.348 grdn:4.621 lr:4.9e-06 updt_s:0.667 data_s:0.006
Training:  80%|#######9  | 15900/20000 [2:42:03<49:31,  1.38step/s]INFO 2026-04-27 12:30:27 ot_train.py:451 step:16K smpl:16K ep:98 epch:0.06 loss:0.308 grdn:4.401 lr:4.8e-06 updt_s:0.659 data_s:0.006
Training:  80%|########  | 16000/20000 [2:43:08<41:42,  1.60step/s]INFO 2026-04-27 12:31:32 ot_train.py:451 step:16K smpl:16K ep:99 epch:0.06 loss:0.321 grdn:4.563 lr:4.7e-06 updt_s:0.644 data_s:0.006
Training:  80%|########  | 16100/20000 [2:44:15<42:13,  1.54step/s]INFO 2026-04-27 12:32:39 ot_train.py:451 step:16K smpl:16K ep:100 epch:0.06 loss:0.324 grdn:4.630 lr:4.6e-06 updt_s:0.656 data_s:0.006
Training:  81%|########1 | 16200/20000 [2:45:21<37:35,  1.68step/s]INFO 2026-04-27 12:33:45 ot_train.py:451 step:16K smpl:16K ep:100 epch:0.06 loss:0.341 grdn:4.793 lr:4.5e-06 updt_s:0.649 data_s:0.006
Training:  82%|########1 | 16300/20000 [2:46:27<42:56,  1.44step/s]INFO 2026-04-27 12:34:51 ot_train.py:451 step:16K smpl:16K ep:101 epch:0.06 loss:0.313 grdn:4.426 lr:4.4e-06 updt_s:0.659 data_s:0.006
Training:  82%|########2 | 16400/20000 [2:47:34<39:16,  1.53step/s]INFO 2026-04-27 12:35:58 ot_train.py:451 step:16K smpl:16K ep:102 epch:0.06 loss:0.315 grdn:4.621 lr:4.3e-06 updt_s:0.659 data_s:0.006
Training:  82%|########2 | 16500/20000 [2:48:41<38:35,  1.51step/s]INFO 2026-04-27 12:37:05 ot_train.py:451 step:16K smpl:16K ep:102 epch:0.06 loss:0.315 grdn:4.470 lr:4.2e-06 updt_s:0.663 data_s:0.006
Training:  83%|########2 | 16600/20000 [2:49:48<37:55,  1.49step/s]INFO 2026-04-27 12:38:12 ot_train.py:451 step:17K smpl:17K ep:103 epch:0.06 loss:0.285 grdn:4.468 lr:4.1e-06 updt_s:0.658 data_s:0.006
Training:  84%|########3 | 16700/20000 [2:50:54<38:12,  1.44step/s]INFO 2026-04-27 12:39:18 ot_train.py:451 step:17K smpl:17K ep:103 epch:0.06 loss:0.319 grdn:4.718 lr:4.0e-06 updt_s:0.659 data_s:0.006
Training:  84%|########4 | 16800/20000 [2:52:02<31:55,  1.67step/s]INFO 2026-04-27 12:40:26 ot_train.py:451 step:17K smpl:17K ep:104 epch:0.06 loss:0.313 grdn:4.662 lr:3.9e-06 updt_s:0.664 data_s:0.007
Training:  84%|########4 | 16900/20000 [2:53:09<32:55,  1.57step/s]INFO 2026-04-27 12:41:33 ot_train.py:451 step:17K smpl:17K ep:105 epch:0.06 loss:0.333 grdn:4.518 lr:3.8e-06 updt_s:0.666 data_s:0.006
Training:  85%|########5 | 17000/20000 [2:54:16<34:20,  1.46step/s]INFO 2026-04-27 12:42:40 ot_train.py:451 step:17K smpl:17K ep:105 epch:0.06 loss:0.298 grdn:4.312 lr:3.8e-06 updt_s:0.665 data_s:0.006
Training:  86%|########5 | 17100/20000 [2:55:24<30:36,  1.58step/s]INFO 2026-04-27 12:43:48 ot_train.py:451 step:17K smpl:17K ep:106 epch:0.06 loss:0.301 grdn:4.443 lr:3.7e-06 updt_s:0.664 data_s:0.007
Training:  86%|########6 | 17200/20000 [2:56:30<30:49,  1.51step/s]INFO 2026-04-27 12:44:54 ot_train.py:451 step:17K smpl:17K ep:106 epch:0.06 loss:0.331 grdn:4.751 lr:3.6e-06 updt_s:0.660 data_s:0.006
Training:  86%|########6 | 17300/20000 [2:57:36<28:24,  1.58step/s]INFO 2026-04-27 12:46:00 ot_train.py:451 step:17K smpl:17K ep:107 epch:0.06 loss:0.320 grdn:4.585 lr:3.5e-06 updt_s:0.651 data_s:0.006
Training:  87%|########7 | 17400/20000 [2:58:44<29:59,  1.44step/s]INFO 2026-04-27 12:47:08 ot_train.py:451 step:17K smpl:17K ep:108 epch:0.06 loss:0.323 grdn:4.799 lr:3.5e-06 updt_s:0.667 data_s:0.007
Training:  88%|########7 | 17500/20000 [2:59:50<28:36,  1.46step/s]INFO 2026-04-27 12:48:14 ot_train.py:451 step:18K smpl:18K ep:108 epch:0.06 loss:0.316 grdn:4.624 lr:3.4e-06 updt_s:0.659 data_s:0.006
Training:  88%|########8 | 17600/20000 [3:00:59<33:56,  1.18step/s]INFO 2026-04-27 12:49:23 ot_train.py:451 step:18K smpl:18K ep:109 epch:0.06 loss:0.330 grdn:4.754 lr:3.3e-06 updt_s:0.680 data_s:0.007
Training:  88%|########8 | 17700/20000 [3:02:19<29:45,  1.29step/s]INFO 2026-04-27 12:50:43 ot_train.py:451 step:18K smpl:18K ep:110 epch:0.06 loss:0.358 grdn:4.698 lr:3.3e-06 updt_s:0.790 data_s:0.007
Training:  89%|########9 | 17800/20000 [3:03:35<27:30,  1.33step/s]INFO 2026-04-27 12:51:59 ot_train.py:451 step:18K smpl:18K ep:110 epch:0.07 loss:0.323 grdn:4.740 lr:3.2e-06 updt_s:0.751 data_s:0.006
Training:  90%|########9 | 17900/20000 [3:04:52<26:31,  1.32step/s]INFO 2026-04-27 12:53:16 ot_train.py:451 step:18K smpl:18K ep:111 epch:0.07 loss:0.340 grdn:4.834 lr:3.1e-06 updt_s:0.765 data_s:0.006
Training:  90%|######### | 18000/20000 [3:06:08<20:26,  1.63step/s]INFO 2026-04-27 12:54:32 ot_train.py:451 step:18K smpl:18K ep:111 epch:0.07 loss:0.320 grdn:4.646 lr:3.1e-06 updt_s:0.746 data_s:0.006
Training:  90%|######### | 18100/20000 [3:07:16<21:55,  1.44step/s]INFO 2026-04-27 12:55:40 ot_train.py:451 step:18K smpl:18K ep:112 epch:0.07 loss:0.304 grdn:4.525 lr:3.0e-06 updt_s:0.678 data_s:0.006
Training:  91%|#########1| 18200/20000 [3:08:25<19:45,  1.52step/s]INFO 2026-04-27 12:56:49 ot_train.py:451 step:18K smpl:18K ep:113 epch:0.07 loss:0.298 grdn:4.353 lr:3.0e-06 updt_s:0.679 data_s:0.006
Training:  92%|#########1| 18300/20000 [3:09:34<19:21,  1.46step/s]INFO 2026-04-27 12:57:58 ot_train.py:451 step:18K smpl:18K ep:113 epch:0.07 loss:0.288 grdn:4.425 lr:2.9e-06 updt_s:0.677 data_s:0.006
Training:  92%|#########2| 18400/20000 [3:10:41<18:15,  1.46step/s]INFO 2026-04-27 12:59:05 ot_train.py:451 step:18K smpl:18K ep:114 epch:0.07 loss:0.337 grdn:4.679 lr:2.9e-06 updt_s:0.669 data_s:0.006
Training:  92%|#########2| 18500/20000 [3:11:49<16:39,  1.50step/s]INFO 2026-04-27 13:00:13 ot_train.py:451 step:18K smpl:18K ep:115 epch:0.07 loss:0.301 grdn:4.583 lr:2.8e-06 updt_s:0.669 data_s:0.006
Training:  93%|#########3| 18600/20000 [3:12:56<16:13,  1.44step/s]INFO 2026-04-27 13:01:20 ot_train.py:451 step:19K smpl:19K ep:115 epch:0.07 loss:0.330 grdn:4.663 lr:2.8e-06 updt_s:0.663 data_s:0.006
Training:  94%|#########3| 18700/20000 [3:14:04<14:29,  1.49step/s]INFO 2026-04-27 13:02:28 ot_train.py:451 step:19K smpl:19K ep:116 epch:0.07 loss:0.316 grdn:4.717 lr:2.8e-06 updt_s:0.671 data_s:0.006
Training:  94%|#########3| 18800/20000 [3:15:10<14:22,  1.39step/s]INFO 2026-04-27 13:03:34 ot_train.py:451 step:19K smpl:19K ep:116 epch:0.07 loss:0.312 grdn:4.662 lr:2.7e-06 updt_s:0.652 data_s:0.006
Training:  94%|#########4| 18900/20000 [3:16:17<12:00,  1.53step/s]INFO 2026-04-27 13:04:41 ot_train.py:451 step:19K smpl:19K ep:117 epch:0.07 loss:0.306 grdn:4.335 lr:2.7e-06 updt_s:0.663 data_s:0.006
Training:  95%|#########5| 19000/20000 [3:17:27<11:21,  1.47step/s]INFO 2026-04-27 13:05:51 ot_train.py:451 step:19K smpl:19K ep:118 epch:0.07 loss:0.319 grdn:4.336 lr:2.7e-06 updt_s:0.690 data_s:0.006
Training:  96%|#########5| 19100/20000 [3:18:35<10:22,  1.45step/s]INFO 2026-04-27 13:06:59 ot_train.py:451 step:19K smpl:19K ep:118 epch:0.07 loss:0.292 grdn:4.410 lr:2.6e-06 updt_s:0.678 data_s:0.007
Training:  96%|#########6| 19200/20000 [3:19:51<09:08,  1.46step/s]INFO 2026-04-27 13:08:15 ot_train.py:451 step:19K smpl:19K ep:119 epch:0.07 loss:0.309 grdn:4.767 lr:2.6e-06 updt_s:0.752 data_s:0.006
Training:  96%|#########6| 19300/20000 [3:20:59<08:03,  1.45step/s]INFO 2026-04-27 13:09:23 ot_train.py:451 step:19K smpl:19K ep:119 epch:0.07 loss:0.355 grdn:4.818 lr:2.6e-06 updt_s:0.668 data_s:0.006
Training:  97%|#########7| 19400/20000 [3:22:08<06:24,  1.56step/s]INFO 2026-04-27 13:10:32 ot_train.py:451 step:19K smpl:19K ep:120 epch:0.07 loss:0.315 grdn:4.871 lr:2.6e-06 updt_s:0.680 data_s:0.006
Training:  98%|#########7| 19500/20000 [3:23:15<05:54,  1.41step/s]INFO 2026-04-27 13:11:39 ot_train.py:451 step:20K smpl:20K ep:121 epch:0.07 loss:0.302 grdn:4.567 lr:2.5e-06 updt_s:0.663 data_s:0.006
Training:  98%|#########8| 19600/20000 [3:24:30<04:42,  1.41step/s]INFO 2026-04-27 13:12:54 ot_train.py:451 step:20K smpl:20K ep:121 epch:0.07 loss:0.308 grdn:4.562 lr:2.5e-06 updt_s:0.742 data_s:0.006
Training:  98%|#########8| 19700/20000 [3:25:43<03:45,  1.33step/s]INFO 2026-04-27 13:14:07 ot_train.py:451 step:20K smpl:20K ep:122 epch:0.07 loss:0.288 grdn:4.432 lr:2.5e-06 updt_s:0.721 data_s:0.007
Training:  99%|#########9| 19800/20000 [3:26:51<02:25,  1.38step/s]INFO 2026-04-27 13:15:15 ot_train.py:451 step:20K smpl:20K ep:123 epch:0.07 loss:0.310 grdn:4.435 lr:2.5e-06 updt_s:0.672 data_s:0.006
Training: 100%|#########9| 19900/20000 [3:27:58<01:13,  1.36step/s]INFO 2026-04-27 13:16:22 ot_train.py:451 step:20K smpl:20K ep:123 epch:0.07 loss:0.342 grdn:4.963 lr:2.5e-06 updt_s:0.667 data_s:0.006
Training: 100%|##########| 20000/20000 [3:29:06<00:00,  1.39step/s]INFO 2026-04-27 13:17:30 ot_train.py:451 step:20K smpl:20K ep:124 epch:0.07 loss:0.286 grdn:4.405 lr:2.5e-06 updt_s:0.668 data_s:0.006
