Training:   1%|1         | 50/5000 [00:50<43:09,  1.91step/s]INFO 2026-04-26 10:07:51 ot_train.py:451 step:50 smpl:50 ep:0 epch:0.00 loss:1.872 grdn:9.566 lr:4.0e-06 updt_s:0.535 data_s:0.475
Training:   2%|2         | 100/5000 [01:18<51:10,  1.60step/s]INFO 2026-04-26 10:08:19 ot_train.py:451 step:100 smpl:100 ep:1 epch:0.00 loss:1.783 grdn:8.986 lr:1.1e-05 updt_s:0.552 data_s:0.005
Training:   3%|3         | 150/5000 [01:47<45:34,  1.77step/s]INFO 2026-04-26 10:08:48 ot_train.py:451 step:150 smpl:150 ep:1 epch:0.00 loss:1.553 grdn:8.021 lr:1.9e-05 updt_s:0.574 data_s:0.005
Training:   4%|4         | 200/5000 [02:15<43:39,  1.83step/s]INFO 2026-04-26 10:09:16 ot_train.py:451 step:200 smpl:200 ep:1 epch:0.00 loss:1.248 grdn:7.349 lr:2.5e-05 updt_s:0.559 data_s:0.005
Training:   5%|5         | 250/5000 [02:48<53:19,  1.48step/s]INFO 2026-04-26 10:09:49 ot_train.py:451 step:250 smpl:250 ep:2 epch:0.00 loss:1.112 grdn:8.309 lr:2.5e-05 updt_s:0.656 data_s:0.005
Training:   6%|6         | 300/5000 [03:22<51:09,  1.53step/s]INFO 2026-04-26 10:10:22 ot_train.py:451 step:300 smpl:300 ep:2 epch:0.00 loss:0.881 grdn:7.159 lr:2.5e-05 updt_s:0.660 data_s:0.006
Training:   7%|7         | 350/5000 [03:55<49:53,  1.55step/s]INFO 2026-04-26 10:10:55 ot_train.py:451 step:350 smpl:350 ep:2 epch:0.00 loss:0.985 grdn:7.517 lr:2.5e-05 updt_s:0.654 data_s:0.005
Training:   8%|8         | 400/5000 [04:28<49:36,  1.55step/s]INFO 2026-04-26 10:11:29 ot_train.py:451 step:400 smpl:400 ep:2 epch:0.00 loss:0.978 grdn:7.441 lr:2.5e-05 updt_s:0.658 data_s:0.006
Training:   9%|9         | 450/5000 [05:01<49:27,  1.53step/s]INFO 2026-04-26 10:12:02 ot_train.py:451 step:450 smpl:450 ep:3 epch:0.00 loss:1.059 grdn:8.216 lr:2.5e-05 updt_s:0.653 data_s:0.005
Training:  10%|#         | 500/5000 [05:34<50:05,  1.50step/s]INFO 2026-04-26 10:12:35 ot_train.py:451 step:500 smpl:500 ep:3 epch:0.00 loss:1.000 grdn:7.889 lr:2.5e-05 updt_s:0.654 data_s:0.006
Training:  11%|#1        | 550/5000 [06:07<47:35,  1.56step/s]INFO 2026-04-26 10:13:08 ot_train.py:451 step:550 smpl:550 ep:3 epch:0.00 loss:0.985 grdn:7.307 lr:2.4e-05 updt_s:0.652 data_s:0.006
Training:  12%|#2        | 600/5000 [06:40<45:46,  1.60step/s]INFO 2026-04-26 10:13:40 ot_train.py:451 step:600 smpl:600 ep:4 epch:0.00 loss:0.904 grdn:6.638 lr:2.4e-05 updt_s:0.643 data_s:0.006
Training:  13%|#3        | 650/5000 [07:12<49:03,  1.48step/s]INFO 2026-04-26 10:14:13 ot_train.py:451 step:650 smpl:650 ep:4 epch:0.00 loss:0.855 grdn:6.782 lr:2.4e-05 updt_s:0.644 data_s:0.006
Training:  14%|#4        | 700/5000 [07:41<35:29,  2.02step/s]INFO 2026-04-26 10:14:42 ot_train.py:451 step:700 smpl:700 ep:4 epch:0.00 loss:0.883 grdn:7.046 lr:2.4e-05 updt_s:0.573 data_s:0.004
Training:  15%|#5        | 750/5000 [08:13<51:26,  1.38step/s]INFO 2026-04-26 10:15:14 ot_train.py:451 step:750 smpl:750 ep:5 epch:0.00 loss:0.956 grdn:7.384 lr:2.4e-05 updt_s:0.631 data_s:0.006
Training:  16%|#6        | 800/5000 [08:45<37:07,  1.89step/s]INFO 2026-04-26 10:15:45 ot_train.py:451 step:800 smpl:800 ep:5 epch:0.00 loss:0.810 grdn:5.866 lr:2.4e-05 updt_s:0.630 data_s:0.005
Training:  17%|#7        | 850/5000 [09:11<33:44,  2.05step/s]INFO 2026-04-26 10:16:12 ot_train.py:451 step:850 smpl:850 ep:5 epch:0.00 loss:0.991 grdn:7.295 lr:2.4e-05 updt_s:0.526 data_s:0.005
Training:  18%|#8        | 900/5000 [09:37<33:48,  2.02step/s]INFO 2026-04-26 10:16:38 ot_train.py:451 step:900 smpl:900 ep:6 epch:0.00 loss:0.785 grdn:6.047 lr:2.3e-05 updt_s:0.510 data_s:0.005
Training:  19%|#9        | 950/5000 [10:04<39:31,  1.71step/s]INFO 2026-04-26 10:17:05 ot_train.py:451 step:950 smpl:950 ep:6 epch:0.00 loss:0.840 grdn:6.277 lr:2.3e-05 updt_s:0.533 data_s:0.005
Training:  20%|##        | 1000/5000 [10:34<42:11,  1.58step/s]INFO 2026-04-26 10:17:35 ot_train.py:451 step:1K smpl:1K ep:6 epch:0.00 loss:0.933 grdn:7.020 lr:2.3e-05 updt_s:0.588 data_s:0.005
Training:  21%|##1       | 1050/5000 [11:33<40:30,  1.63step/s]INFO 2026-04-26 10:18:33 ot_train.py:451 step:1K smpl:1K ep:7 epch:0.00 loss:0.939 grdn:7.302 lr:2.3e-05 updt_s:0.757 data_s:0.006
Training:  22%|##2       | 1100/5000 [12:05<43:46,  1.48step/s]INFO 2026-04-26 10:19:05 ot_train.py:451 step:1K smpl:1K ep:7 epch:0.00 loss:0.866 grdn:6.431 lr:2.3e-05 updt_s:0.630 data_s:0.006
Training:  23%|##3       | 1150/5000 [12:37<35:56,  1.79step/s]INFO 2026-04-26 10:19:38 ot_train.py:451 step:1K smpl:1K ep:7 epch:0.00 loss:0.968 grdn:6.980 lr:2.2e-05 updt_s:0.636 data_s:0.006
Training:  24%|##4       | 1200/5000 [13:06<36:07,  1.75step/s]INFO 2026-04-26 10:20:06 ot_train.py:451 step:1K smpl:1K ep:7 epch:0.00 loss:0.779 grdn:5.725 lr:2.2e-05 updt_s:0.572 data_s:0.005
Training:  25%|##5       | 1250/5000 [13:39<40:34,  1.54step/s]INFO 2026-04-26 10:20:39 ot_train.py:451 step:1K smpl:1K ep:8 epch:0.00 loss:0.867 grdn:6.709 lr:2.2e-05 updt_s:0.652 data_s:0.005
Training:  26%|##6       | 1300/5000 [14:10<32:43,  1.88step/s]INFO 2026-04-26 10:21:11 ot_train.py:451 step:1K smpl:1K ep:8 epch:0.00 loss:0.828 grdn:6.119 lr:2.2e-05 updt_s:0.623 data_s:0.005
Training:  27%|##7       | 1350/5000 [14:42<39:07,  1.56step/s]INFO 2026-04-26 10:21:43 ot_train.py:451 step:1K smpl:1K ep:8 epch:0.00 loss:0.791 grdn:6.054 lr:2.1e-05 updt_s:0.635 data_s:0.006
Training:  28%|##8       | 1400/5000 [15:15<36:28,  1.65step/s]INFO 2026-04-26 10:22:16 ot_train.py:451 step:1K smpl:1K ep:9 epch:0.01 loss:0.942 grdn:6.806 lr:2.1e-05 updt_s:0.650 data_s:0.006
Training:  29%|##9       | 1450/5000 [15:48<33:09,  1.78step/s]INFO 2026-04-26 10:22:49 ot_train.py:451 step:1K smpl:1K ep:9 epch:0.01 loss:0.872 grdn:6.104 lr:2.1e-05 updt_s:0.653 data_s:0.005
Training:  30%|###       | 1500/5000 [16:09<23:51,  2.45step/s]INFO 2026-04-26 10:23:10 ot_train.py:451 step:2K smpl:2K ep:9 epch:0.01 loss:0.854 grdn:6.537 lr:2.1e-05 updt_s:0.412 data_s:0.003
Training:  31%|###1      | 1550/5000 [16:30<22:48,  2.52step/s]INFO 2026-04-26 10:23:31 ot_train.py:451 step:2K smpl:2K ep:10 epch:0.01 loss:0.781 grdn:5.814 lr:2.0e-05 updt_s:0.419 data_s:0.003
Training:  32%|###2      | 1600/5000 [16:50<21:36,  2.62step/s]INFO 2026-04-26 10:23:50 ot_train.py:451 step:2K smpl:2K ep:10 epch:0.01 loss:0.852 grdn:7.020 lr:2.0e-05 updt_s:0.393 data_s:0.003
Training:  33%|###3      | 1650/5000 [17:11<23:04,  2.42step/s]INFO 2026-04-26 10:24:11 ot_train.py:451 step:2K smpl:2K ep:10 epch:0.01 loss:0.777 grdn:6.383 lr:2.0e-05 updt_s:0.415 data_s:0.003
Training:  34%|###4      | 1700/5000 [17:31<21:30,  2.56step/s]INFO 2026-04-26 10:24:31 ot_train.py:451 step:2K smpl:2K ep:11 epch:0.01 loss:0.790 grdn:6.244 lr:1.9e-05 updt_s:0.395 data_s:0.003
Training:  35%|###5      | 1750/5000 [17:51<22:47,  2.38step/s]INFO 2026-04-26 10:24:51 ot_train.py:451 step:2K smpl:2K ep:11 epch:0.01 loss:0.680 grdn:5.419 lr:1.9e-05 updt_s:0.394 data_s:0.003
Training:  36%|###6      | 1800/5000 [18:11<20:50,  2.56step/s]INFO 2026-04-26 10:25:11 ot_train.py:451 step:2K smpl:2K ep:11 epch:0.01 loss:0.803 grdn:6.352 lr:1.9e-05 updt_s:0.396 data_s:0.003
Training:  37%|###7      | 1850/5000 [18:31<20:16,  2.59step/s]INFO 2026-04-26 10:25:31 ot_train.py:451 step:2K smpl:2K ep:11 epch:0.01 loss:0.665 grdn:6.017 lr:1.8e-05 updt_s:0.395 data_s:0.003
Training:  38%|###8      | 1900/5000 [18:51<20:14,  2.55step/s]INFO 2026-04-26 10:25:51 ot_train.py:451 step:2K smpl:2K ep:12 epch:0.01 loss:0.729 grdn:6.697 lr:1.8e-05 updt_s:0.397 data_s:0.003
Training:  39%|###9      | 1950/5000 [19:13<19:54,  2.55step/s]INFO 2026-04-26 10:26:14 ot_train.py:451 step:2K smpl:2K ep:12 epch:0.01 loss:0.638 grdn:6.507 lr:1.8e-05 updt_s:0.446 data_s:0.003
Training:  40%|####      | 2000/5000 [19:33<19:28,  2.57step/s]INFO 2026-04-26 10:26:34 ot_train.py:451 step:2K smpl:2K ep:12 epch:0.01 loss:0.618 grdn:6.243 lr:1.7e-05 updt_s:0.395 data_s:0.003
Training:  41%|####1     | 2050/5000 [20:11<20:59,  2.34step/s]INFO 2026-04-26 10:27:11 ot_train.py:451 step:2K smpl:2K ep:13 epch:0.01 loss:0.644 grdn:7.129 lr:1.7e-05 updt_s:0.453 data_s:0.003
Training:  42%|####2     | 2100/5000 [20:32<19:22,  2.50step/s]INFO 2026-04-26 10:27:33 ot_train.py:451 step:2K smpl:2K ep:13 epch:0.01 loss:0.595 grdn:7.324 lr:1.7e-05 updt_s:0.426 data_s:0.003
Training:  43%|####3     | 2150/5000 [20:52<18:11,  2.61step/s]INFO 2026-04-26 10:27:53 ot_train.py:451 step:2K smpl:2K ep:13 epch:0.01 loss:0.593 grdn:7.174 lr:1.6e-05 updt_s:0.392 data_s:0.003
Training:  44%|####4     | 2200/5000 [21:12<18:47,  2.48step/s]INFO 2026-04-26 10:28:13 ot_train.py:451 step:2K smpl:2K ep:14 epch:0.01 loss:0.546 grdn:7.158 lr:1.6e-05 updt_s:0.396 data_s:0.003
Training:  45%|####5     | 2250/5000 [21:32<17:46,  2.58step/s]INFO 2026-04-26 10:28:32 ot_train.py:451 step:2K smpl:2K ep:14 epch:0.01 loss:0.534 grdn:6.874 lr:1.6e-05 updt_s:0.391 data_s:0.003
Training:  46%|####6     | 2300/5000 [21:52<19:00,  2.37step/s]INFO 2026-04-26 10:28:52 ot_train.py:451 step:2K smpl:2K ep:14 epch:0.01 loss:0.514 grdn:6.874 lr:1.5e-05 updt_s:0.394 data_s:0.003
Training:  47%|####6     | 2350/5000 [22:12<17:19,  2.55step/s]INFO 2026-04-26 10:29:12 ot_train.py:451 step:2K smpl:2K ep:15 epch:0.01 loss:0.548 grdn:6.890 lr:1.5e-05 updt_s:0.393 data_s:0.003
Training:  48%|####8     | 2400/5000 [22:32<19:03,  2.27step/s]INFO 2026-04-26 10:29:32 ot_train.py:451 step:2K smpl:2K ep:15 epch:0.01 loss:0.525 grdn:7.490 lr:1.5e-05 updt_s:0.393 data_s:0.003
Training:  49%|####9     | 2450/5000 [22:51<16:26,  2.58step/s]INFO 2026-04-26 10:29:52 ot_train.py:451 step:2K smpl:2K ep:15 epch:0.01 loss:0.526 grdn:7.513 lr:1.4e-05 updt_s:0.390 data_s:0.003
Training:  50%|#####     | 2500/5000 [23:11<15:56,  2.61step/s]INFO 2026-04-26 10:30:12 ot_train.py:451 step:2K smpl:2K ep:15 epch:0.01 loss:0.519 grdn:7.582 lr:1.4e-05 updt_s:0.395 data_s:0.003
Training:  51%|#####1    | 2550/5000 [23:31<16:05,  2.54step/s]INFO 2026-04-26 10:30:32 ot_train.py:451 step:3K smpl:3K ep:16 epch:0.01 loss:0.550 grdn:6.871 lr:1.4e-05 updt_s:0.397 data_s:0.003
Training:  52%|#####2    | 2600/5000 [23:51<15:30,  2.58step/s]INFO 2026-04-26 10:30:52 ot_train.py:451 step:3K smpl:3K ep:16 epch:0.01 loss:0.531 grdn:7.767 lr:1.3e-05 updt_s:0.394 data_s:0.003
Training:  53%|#####3    | 2650/5000 [24:11<15:36,  2.51step/s]INFO 2026-04-26 10:31:12 ot_train.py:451 step:3K smpl:3K ep:16 epch:0.01 loss:0.534 grdn:7.347 lr:1.3e-05 updt_s:0.397 data_s:0.003
Training:  54%|#####4    | 2700/5000 [24:31<16:43,  2.29step/s]INFO 2026-04-26 10:31:32 ot_train.py:451 step:3K smpl:3K ep:17 epch:0.01 loss:0.510 grdn:6.967 lr:1.3e-05 updt_s:0.399 data_s:0.003
Training:  55%|#####5    | 2750/5000 [24:52<15:28,  2.42step/s]INFO 2026-04-26 10:31:53 ot_train.py:451 step:3K smpl:3K ep:17 epch:0.01 loss:0.506 grdn:6.772 lr:1.2e-05 updt_s:0.417 data_s:0.003
Training:  56%|#####6    | 2800/5000 [25:12<14:12,  2.58step/s]INFO 2026-04-26 10:32:13 ot_train.py:451 step:3K smpl:3K ep:17 epch:0.01 loss:0.461 grdn:7.615 lr:1.2e-05 updt_s:0.392 data_s:0.003
Training:  57%|#####6    | 2850/5000 [25:32<13:41,  2.62step/s]INFO 2026-04-26 10:32:32 ot_train.py:451 step:3K smpl:3K ep:18 epch:0.01 loss:0.510 grdn:7.442 lr:1.1e-05 updt_s:0.390 data_s:0.003
Training:  58%|#####8    | 2900/5000 [25:52<13:37,  2.57step/s]INFO 2026-04-26 10:32:53 ot_train.py:451 step:3K smpl:3K ep:18 epch:0.01 loss:0.483 grdn:7.337 lr:1.1e-05 updt_s:0.401 data_s:0.003
Training:  59%|#####8    | 2950/5000 [26:12<13:14,  2.58step/s]INFO 2026-04-26 10:33:13 ot_train.py:451 step:3K smpl:3K ep:18 epch:0.01 loss:0.472 grdn:7.388 lr:1.1e-05 updt_s:0.393 data_s:0.003
Training:  60%|######    | 3000/5000 [26:32<13:22,  2.49step/s]INFO 2026-04-26 10:33:32 ot_train.py:451 step:3K smpl:3K ep:19 epch:0.01 loss:0.486 grdn:7.296 lr:1.0e-05 updt_s:0.395 data_s:0.002
Training:  61%|######1   | 3050/5000 [27:11<13:08,  2.47step/s]INFO 2026-04-26 10:34:12 ot_train.py:451 step:3K smpl:3K ep:19 epch:0.01 loss:0.431 grdn:6.235 lr:1.0e-05 updt_s:0.488 data_s:0.003
Training:  62%|######2   | 3100/5000 [27:32<12:45,  2.48step/s]INFO 2026-04-26 10:34:32 ot_train.py:451 step:3K smpl:3K ep:19 epch:0.01 loss:0.490 grdn:7.062 lr:9.8e-06 updt_s:0.406 data_s:0.003
Training:  63%|######3   | 3150/5000 [27:51<11:48,  2.61step/s]INFO 2026-04-26 10:34:52 ot_train.py:451 step:3K smpl:3K ep:20 epch:0.01 loss:0.481 grdn:8.102 lr:9.4e-06 updt_s:0.393 data_s:0.003
Training:  64%|######4   | 3200/5000 [28:12<12:37,  2.38step/s]INFO 2026-04-26 10:35:12 ot_train.py:451 step:3K smpl:3K ep:20 epch:0.01 loss:0.437 grdn:6.542 lr:9.1e-06 updt_s:0.397 data_s:0.003
Training:  65%|######5   | 3250/5000 [28:31<11:28,  2.54step/s]INFO 2026-04-26 10:35:32 ot_train.py:451 step:3K smpl:3K ep:20 epch:0.01 loss:0.464 grdn:7.018 lr:8.8e-06 updt_s:0.394 data_s:0.003
Training:  66%|######6   | 3300/5000 [28:51<12:52,  2.20step/s]INFO 2026-04-26 10:35:52 ot_train.py:451 step:3K smpl:3K ep:20 epch:0.01 loss:0.468 grdn:6.598 lr:8.5e-06 updt_s:0.398 data_s:0.003
Training:  67%|######7   | 3350/5000 [29:12<11:10,  2.46step/s]INFO 2026-04-26 10:36:12 ot_train.py:451 step:3K smpl:3K ep:21 epch:0.01 loss:0.481 grdn:7.230 lr:8.2e-06 updt_s:0.400 data_s:0.003
Training:  68%|######8   | 3400/5000 [29:34<10:16,  2.59step/s]INFO 2026-04-26 10:36:35 ot_train.py:451 step:3K smpl:3K ep:21 epch:0.01 loss:0.490 grdn:7.756 lr:7.9e-06 updt_s:0.450 data_s:0.003
Training:  69%|######9   | 3450/5000 [29:54<10:24,  2.48step/s]INFO 2026-04-26 10:36:55 ot_train.py:451 step:3K smpl:3K ep:21 epch:0.01 loss:0.495 grdn:6.726 lr:7.6e-06 updt_s:0.397 data_s:0.003
Training:  70%|#######   | 3500/5000 [30:14<09:53,  2.53step/s]INFO 2026-04-26 10:37:15 ot_train.py:451 step:4K smpl:4K ep:22 epch:0.01 loss:0.423 grdn:7.544 lr:7.3e-06 updt_s:0.395 data_s:0.003
Training:  71%|#######1  | 3550/5000 [30:34<09:58,  2.42step/s]INFO 2026-04-26 10:37:35 ot_train.py:451 step:4K smpl:4K ep:22 epch:0.01 loss:0.471 grdn:7.388 lr:7.0e-06 updt_s:0.393 data_s:0.003
Training:  72%|#######2  | 3600/5000 [30:54<09:26,  2.47step/s]INFO 2026-04-26 10:37:55 ot_train.py:451 step:4K smpl:4K ep:22 epch:0.01 loss:0.406 grdn:7.485 lr:6.7e-06 updt_s:0.397 data_s:0.003
Training:  73%|#######3  | 3650/5000 [31:15<09:59,  2.25step/s]INFO 2026-04-26 10:38:15 ot_train.py:451 step:4K smpl:4K ep:23 epch:0.01 loss:0.457 grdn:6.825 lr:6.4e-06 updt_s:0.403 data_s:0.003
Training:  74%|#######4  | 3700/5000 [31:34<08:28,  2.56step/s]INFO 2026-04-26 10:38:35 ot_train.py:451 step:4K smpl:4K ep:23 epch:0.01 loss:0.442 grdn:6.783 lr:6.2e-06 updt_s:0.393 data_s:0.003
Training:  75%|#######5  | 3750/5000 [31:54<07:59,  2.61step/s]INFO 2026-04-26 10:38:55 ot_train.py:451 step:4K smpl:4K ep:23 epch:0.01 loss:0.447 grdn:7.280 lr:5.9e-06 updt_s:0.394 data_s:0.003
Training:  76%|#######6  | 3800/5000 [32:14<07:46,  2.57step/s]INFO 2026-04-26 10:39:15 ot_train.py:451 step:4K smpl:4K ep:24 epch:0.01 loss:0.429 grdn:6.390 lr:5.7e-06 updt_s:0.395 data_s:0.003
Training:  77%|#######7  | 3850/5000 [32:34<07:28,  2.56step/s]INFO 2026-04-26 10:39:35 ot_train.py:451 step:4K smpl:4K ep:24 epch:0.01 loss:0.439 grdn:7.432 lr:5.4e-06 updt_s:0.391 data_s:0.002
Training:  78%|#######8  | 3900/5000 [32:54<07:18,  2.51step/s]INFO 2026-04-26 10:39:55 ot_train.py:451 step:4K smpl:4K ep:24 epch:0.01 loss:0.506 grdn:7.226 lr:5.2e-06 updt_s:0.395 data_s:0.003
Training:  79%|#######9  | 3950/5000 [33:14<06:49,  2.56step/s]INFO 2026-04-26 10:40:14 ot_train.py:451 step:4K smpl:4K ep:24 epch:0.01 loss:0.416 grdn:6.973 lr:5.0e-06 updt_s:0.394 data_s:0.003
Training:  80%|########  | 4000/5000 [33:34<06:49,  2.44step/s]INFO 2026-04-26 10:40:35 ot_train.py:451 step:4K smpl:4K ep:25 epch:0.01 loss:0.399 grdn:6.399 lr:4.8e-06 updt_s:0.398 data_s:0.003
Training:  81%|########1 | 4050/5000 [34:14<06:37,  2.39step/s]INFO 2026-04-26 10:41:15 ot_train.py:451 step:4K smpl:4K ep:25 epch:0.01 loss:0.413 grdn:6.204 lr:4.5e-06 updt_s:0.493 data_s:0.003
Training:  82%|########2 | 4100/5000 [34:37<08:07,  1.85step/s]INFO 2026-04-26 10:41:38 ot_train.py:451 step:4K smpl:4K ep:25 epch:0.01 loss:0.478 grdn:7.011 lr:4.3e-06 updt_s:0.452 data_s:0.003
Training:  83%|########2 | 4150/5000 [34:59<05:32,  2.56step/s]INFO 2026-04-26 10:41:59 ot_train.py:451 step:4K smpl:4K ep:26 epch:0.02 loss:0.467 grdn:6.472 lr:4.2e-06 updt_s:0.430 data_s:0.003
Training:  84%|########4 | 4200/5000 [35:19<05:07,  2.61step/s]INFO 2026-04-26 10:42:19 ot_train.py:451 step:4K smpl:4K ep:26 epch:0.02 loss:0.411 grdn:6.854 lr:4.0e-06 updt_s:0.394 data_s:0.003
Training:  85%|########5 | 4250/5000 [35:39<04:56,  2.53step/s]INFO 2026-04-26 10:42:39 ot_train.py:451 step:4K smpl:4K ep:26 epch:0.02 loss:0.414 grdn:6.977 lr:3.8e-06 updt_s:0.396 data_s:0.003
Training:  86%|########6 | 4300/5000 [35:59<04:32,  2.57step/s]INFO 2026-04-26 10:42:59 ot_train.py:451 step:4K smpl:4K ep:27 epch:0.02 loss:0.427 grdn:6.228 lr:3.6e-06 updt_s:0.399 data_s:0.003
Training:  87%|########7 | 4350/5000 [36:20<04:49,  2.25step/s]INFO 2026-04-26 10:43:21 ot_train.py:451 step:4K smpl:4K ep:27 epch:0.02 loss:0.427 grdn:6.832 lr:3.5e-06 updt_s:0.423 data_s:0.003
Training:  88%|########8 | 4400/5000 [36:41<03:53,  2.57step/s]INFO 2026-04-26 10:43:42 ot_train.py:451 step:4K smpl:4K ep:27 epch:0.02 loss:0.454 grdn:6.622 lr:3.4e-06 updt_s:0.415 data_s:0.003
Training:  89%|########9 | 4450/5000 [37:01<04:03,  2.26step/s]INFO 2026-04-26 10:44:02 ot_train.py:451 step:4K smpl:4K ep:28 epch:0.02 loss:0.437 grdn:6.871 lr:3.2e-06 updt_s:0.396 data_s:0.003
Training:  90%|######### | 4500/5000 [37:21<03:12,  2.59step/s]INFO 2026-04-26 10:44:21 ot_train.py:451 step:4K smpl:4K ep:28 epch:0.02 loss:0.442 grdn:6.807 lr:3.1e-06 updt_s:0.393 data_s:0.003
Training:  91%|#########1| 4550/5000 [37:41<02:52,  2.61step/s]INFO 2026-04-26 10:44:41 ot_train.py:451 step:5K smpl:5K ep:28 epch:0.02 loss:0.434 grdn:6.944 lr:3.0e-06 updt_s:0.392 data_s:0.003
Training:  92%|#########2| 4600/5000 [38:01<02:34,  2.59step/s]INFO 2026-04-26 10:45:01 ot_train.py:451 step:5K smpl:5K ep:28 epch:0.02 loss:0.433 grdn:5.969 lr:2.9e-06 updt_s:0.393 data_s:0.003
Training:  93%|#########3| 4650/5000 [38:20<02:16,  2.56step/s]INFO 2026-04-26 10:45:21 ot_train.py:451 step:5K smpl:5K ep:29 epch:0.02 loss:0.389 grdn:6.800 lr:2.8e-06 updt_s:0.394 data_s:0.003
Training:  94%|#########3| 4700/5000 [38:41<01:58,  2.53step/s]INFO 2026-04-26 10:45:41 ot_train.py:451 step:5K smpl:5K ep:29 epch:0.02 loss:0.452 grdn:6.271 lr:2.7e-06 updt_s:0.397 data_s:0.003
Training:  95%|#########5| 4750/5000 [39:00<01:36,  2.60step/s]INFO 2026-04-26 10:46:01 ot_train.py:451 step:5K smpl:5K ep:29 epch:0.02 loss:0.454 grdn:6.771 lr:2.7e-06 updt_s:0.394 data_s:0.002
Training:  96%|#########6| 4800/5000 [39:21<01:19,  2.51step/s]INFO 2026-04-26 10:46:21 ot_train.py:451 step:5K smpl:5K ep:30 epch:0.02 loss:0.399 grdn:6.613 lr:2.6e-06 updt_s:0.399 data_s:0.003
Training:  97%|#########7| 4850/5000 [39:40<00:58,  2.55step/s]INFO 2026-04-26 10:46:41 ot_train.py:451 step:5K smpl:5K ep:30 epch:0.02 loss:0.440 grdn:7.238 lr:2.6e-06 updt_s:0.392 data_s:0.003
Training:  98%|#########8| 4900/5000 [40:00<00:40,  2.47step/s]INFO 2026-04-26 10:47:01 ot_train.py:451 step:5K smpl:5K ep:30 epch:0.02 loss:0.416 grdn:7.230 lr:2.5e-06 updt_s:0.394 data_s:0.003
Training:  99%|#########9| 4950/5000 [40:20<00:19,  2.53step/s]INFO 2026-04-26 10:47:21 ot_train.py:451 step:5K smpl:5K ep:31 epch:0.02 loss:0.439 grdn:6.736 lr:2.5e-06 updt_s:0.394 data_s:0.003
Training: 100%|##########| 5000/5000 [40:40<00:00,  2.35step/s]INFO 2026-04-26 10:47:41 ot_train.py:451 step:5K smpl:5K ep:31 epch:0.02 loss:0.392 grdn:6.659 lr:2.5e-06 updt_s:0.396 data_s:0.003
