Training:   1%|1         | 50/5000 [01:08<36:37,  2.25step/s]INFO 2026-05-15 13:09:10 ot_train.py:451 step:5K smpl:5K ep:31 epch:0.02 loss:1.843 grdn:9.583 lr:1.4e-05 updt_s:0.504 data_s:0.870
Training:   2%|2         | 100/5000 [01:31<50:27,  1.62step/s]INFO 2026-05-15 13:09:33 ot_train.py:451 step:5K smpl:5K ep:32 epch:0.02 loss:1.637 grdn:8.500 lr:1.3e-05 updt_s:0.457 data_s:0.003
Training:   3%|3         | 150/5000 [02:00<50:38,  1.60step/s]INFO 2026-05-15 13:10:01 ot_train.py:451 step:5K smpl:5K ep:32 epch:0.02 loss:1.588 grdn:9.375 lr:1.3e-05 updt_s:0.563 data_s:0.005
Training:   4%|4         | 200/5000 [02:32<50:05,  1.60step/s]INFO 2026-05-15 13:10:33 ot_train.py:451 step:5K smpl:5K ep:32 epch:0.02 loss:1.347 grdn:7.032 lr:1.3e-05 updt_s:0.630 data_s:0.005
Training:   5%|5         | 250/5000 [03:03<50:16,  1.57step/s]INFO 2026-05-15 13:11:04 ot_train.py:451 step:5K smpl:5K ep:33 epch:0.02 loss:1.280 grdn:8.108 lr:1.3e-05 updt_s:0.624 data_s:0.005
Training:   6%|6         | 300/5000 [03:34<47:52,  1.64step/s]INFO 2026-05-15 13:11:35 ot_train.py:451 step:5K smpl:5K ep:33 epch:0.02 loss:1.102 grdn:7.318 lr:1.3e-05 updt_s:0.612 data_s:0.005
Training:   7%|7         | 350/5000 [04:08<55:53,  1.39step/s]INFO 2026-05-15 13:12:10 ot_train.py:451 step:5K smpl:5K ep:33 epch:0.02 loss:1.008 grdn:7.742 lr:1.3e-05 updt_s:0.673 data_s:0.006
Training:   8%|8         | 400/5000 [04:41<51:52,  1.48step/s]INFO 2026-05-15 13:12:42 ot_train.py:451 step:5K smpl:5K ep:33 epch:0.02 loss:1.013 grdn:7.679 lr:1.2e-05 updt_s:0.641 data_s:0.005
Training:   9%|9         | 450/5000 [05:16<53:55,  1.41step/s]INFO 2026-05-15 13:13:18 ot_train.py:451 step:5K smpl:5K ep:34 epch:0.02 loss:0.907 grdn:7.513 lr:1.2e-05 updt_s:0.710 data_s:0.006
Training:  10%|#         | 500/5000 [05:53<49:53,  1.50step/s]INFO 2026-05-15 13:13:54 ot_train.py:451 step:6K smpl:6K ep:34 epch:0.02 loss:0.912 grdn:7.113 lr:1.2e-05 updt_s:0.714 data_s:0.007
Training:  11%|#1        | 550/5000 [06:27<48:03,  1.54step/s]INFO 2026-05-15 13:14:28 ot_train.py:451 step:6K smpl:6K ep:34 epch:0.02 loss:0.973 grdn:7.735 lr:1.2e-05 updt_s:0.684 data_s:0.006
Training:  12%|#2        | 600/5000 [07:00<48:53,  1.50step/s]INFO 2026-05-15 13:15:01 ot_train.py:451 step:6K smpl:6K ep:35 epch:0.02 loss:0.760 grdn:6.206 lr:1.2e-05 updt_s:0.653 data_s:0.006
Training:  13%|#3        | 650/5000 [07:33<48:04,  1.51step/s]INFO 2026-05-15 13:15:34 ot_train.py:451 step:6K smpl:6K ep:35 epch:0.02 loss:0.847 grdn:6.621 lr:1.2e-05 updt_s:0.652 data_s:0.006
Training:  14%|#4        | 700/5000 [08:09<51:43,  1.39step/s]INFO 2026-05-15 13:16:10 ot_train.py:451 step:6K smpl:6K ep:35 epch:0.02 loss:0.970 grdn:8.389 lr:1.1e-05 updt_s:0.702 data_s:0.006
Training:  15%|#5        | 750/5000 [08:45<48:20,  1.47step/s]INFO 2026-05-15 13:16:46 ot_train.py:451 step:6K smpl:6K ep:36 epch:0.02 loss:0.839 grdn:6.985 lr:1.1e-05 updt_s:0.708 data_s:0.007
Training:  16%|#6        | 800/5000 [09:20<50:26,  1.39step/s]INFO 2026-05-15 13:17:21 ot_train.py:451 step:6K smpl:6K ep:36 epch:0.02 loss:0.959 grdn:7.418 lr:1.1e-05 updt_s:0.701 data_s:0.006
Training:  17%|#7        | 850/5000 [09:56<46:19,  1.49step/s]INFO 2026-05-15 13:17:57 ot_train.py:451 step:6K smpl:6K ep:36 epch:0.02 loss:0.937 grdn:7.391 lr:1.1e-05 updt_s:0.708 data_s:0.006
Training:  18%|#8        | 900/5000 [10:31<47:16,  1.45step/s]INFO 2026-05-15 13:18:33 ot_train.py:451 step:6K smpl:6K ep:37 epch:0.02 loss:0.825 grdn:6.739 lr:1.1e-05 updt_s:0.703 data_s:0.006
Training:  19%|#9        | 950/5000 [11:05<42:43,  1.58step/s]INFO 2026-05-15 13:19:07 ot_train.py:451 step:6K smpl:6K ep:37 epch:0.02 loss:0.896 grdn:7.047 lr:1.1e-05 updt_s:0.674 data_s:0.005
Training:  20%|##        | 1000/5000 [11:41<46:30,  1.43step/s]INFO 2026-05-15 13:19:42 ot_train.py:451 step:6K smpl:6K ep:37 epch:0.02 loss:0.885 grdn:7.320 lr:1.0e-05 updt_s:0.707 data_s:0.006
Training:  21%|##1       | 1050/5000 [12:17<45:05,  1.46step/s]INFO 2026-05-15 13:20:18 ot_train.py:451 step:6K smpl:6K ep:37 epch:0.02 loss:0.773 grdn:5.841 lr:1.0e-05 updt_s:0.702 data_s:0.006
Training:  22%|##2       | 1100/5000 [12:52<48:26,  1.34step/s]INFO 2026-05-15 13:20:54 ot_train.py:451 step:6K smpl:6K ep:38 epch:0.02 loss:0.956 grdn:8.343 lr:1.0e-05 updt_s:0.705 data_s:0.006
Training:  23%|##3       | 1150/5000 [13:27<48:39,  1.32step/s]INFO 2026-05-15 13:21:28 ot_train.py:451 step:6K smpl:6K ep:38 epch:0.02 loss:0.843 grdn:6.735 lr:9.9e-06 updt_s:0.687 data_s:0.006
Training:  24%|##4       | 1200/5000 [14:03<44:58,  1.41step/s]INFO 2026-05-15 13:22:04 ot_train.py:451 step:6K smpl:6K ep:38 epch:0.02 loss:0.896 grdn:6.805 lr:9.7e-06 updt_s:0.715 data_s:0.006
Training:  25%|##5       | 1250/5000 [14:39<43:00,  1.45step/s]INFO 2026-05-15 13:22:40 ot_train.py:451 step:6K smpl:6K ep:39 epch:0.02 loss:0.923 grdn:7.183 lr:9.5e-06 updt_s:0.706 data_s:0.006
Training:  26%|##6       | 1300/5000 [15:16<39:55,  1.54step/s]INFO 2026-05-15 13:23:17 ot_train.py:451 step:6K smpl:6K ep:39 epch:0.02 loss:0.882 grdn:6.958 lr:9.4e-06 updt_s:0.728 data_s:0.006
Training:  27%|##7       | 1350/5000 [15:52<46:38,  1.30step/s]INFO 2026-05-15 13:23:53 ot_train.py:451 step:6K smpl:6K ep:39 epch:0.02 loss:0.878 grdn:6.480 lr:9.2e-06 updt_s:0.715 data_s:0.006
Training:  28%|##8       | 1400/5000 [16:28<39:40,  1.51step/s]INFO 2026-05-15 13:24:29 ot_train.py:451 step:6K smpl:6K ep:40 epch:0.02 loss:1.054 grdn:8.147 lr:9.0e-06 updt_s:0.709 data_s:0.006
Training:  29%|##9       | 1450/5000 [17:04<43:17,  1.37step/s]INFO 2026-05-15 13:25:05 ot_train.py:451 step:6K smpl:6K ep:40 epch:0.02 loss:0.871 grdn:6.700 lr:8.9e-06 updt_s:0.722 data_s:0.006
Training:  30%|###       | 1500/5000 [17:40<41:09,  1.42step/s]INFO 2026-05-15 13:25:41 ot_train.py:451 step:6K smpl:6K ep:40 epch:0.02 loss:0.965 grdn:7.758 lr:8.7e-06 updt_s:0.711 data_s:0.006
Training:  31%|###1      | 1550/5000 [18:14<39:41,  1.45step/s]INFO 2026-05-15 13:26:16 ot_train.py:451 step:7K smpl:7K ep:41 epch:0.02 loss:0.865 grdn:7.091 lr:8.6e-06 updt_s:0.676 data_s:0.006
Training:  32%|###2      | 1600/5000 [18:48<37:18,  1.52step/s]INFO 2026-05-15 13:26:49 ot_train.py:451 step:7K smpl:7K ep:41 epch:0.02 loss:0.802 grdn:6.453 lr:8.4e-06 updt_s:0.667 data_s:0.007
Training:  33%|###3      | 1650/5000 [19:23<39:36,  1.41step/s]INFO 2026-05-15 13:27:24 ot_train.py:451 step:7K smpl:7K ep:41 epch:0.02 loss:0.980 grdn:7.664 lr:8.3e-06 updt_s:0.690 data_s:0.005
Training:  34%|###4      | 1700/5000 [19:57<35:37,  1.54step/s]INFO 2026-05-15 13:27:58 ot_train.py:451 step:7K smpl:7K ep:41 epch:0.02 loss:0.879 grdn:7.017 lr:8.1e-06 updt_s:0.667 data_s:0.006
Training:  35%|###5      | 1750/5000 [20:30<38:36,  1.40step/s]INFO 2026-05-15 13:28:31 ot_train.py:451 step:7K smpl:7K ep:42 epch:0.02 loss:0.945 grdn:7.474 lr:7.9e-06 updt_s:0.663 data_s:0.006
Training:  36%|###6      | 1800/5000 [21:05<37:26,  1.42step/s]INFO 2026-05-15 13:29:07 ot_train.py:451 step:7K smpl:7K ep:42 epch:0.02 loss:0.992 grdn:7.774 lr:7.8e-06 updt_s:0.696 data_s:0.006
Training:  37%|###7      | 1850/5000 [21:39<33:57,  1.55step/s]INFO 2026-05-15 13:29:40 ot_train.py:451 step:7K smpl:7K ep:42 epch:0.03 loss:0.815 grdn:6.519 lr:7.6e-06 updt_s:0.665 data_s:0.006
Training:  38%|###8      | 1900/5000 [22:13<37:04,  1.39step/s]INFO 2026-05-15 13:30:14 ot_train.py:451 step:7K smpl:7K ep:43 epch:0.03 loss:0.905 grdn:7.044 lr:7.5e-06 updt_s:0.672 data_s:0.006
Training:  39%|###9      | 1950/5000 [22:48<33:59,  1.50step/s]INFO 2026-05-15 13:30:50 ot_train.py:451 step:7K smpl:7K ep:43 epch:0.03 loss:0.855 grdn:6.572 lr:7.4e-06 updt_s:0.700 data_s:0.005
Training:  40%|####      | 2000/5000 [23:25<35:47,  1.40step/s]INFO 2026-05-15 13:31:26 ot_train.py:451 step:7K smpl:7K ep:43 epch:0.03 loss:0.871 grdn:6.997 lr:7.2e-06 updt_s:0.717 data_s:0.007
Training:  41%|####1     | 2050/5000 [23:58<31:58,  1.54step/s]INFO 2026-05-15 13:31:59 ot_train.py:451 step:7K smpl:7K ep:44 epch:0.03 loss:0.853 grdn:6.718 lr:7.1e-06 updt_s:0.663 data_s:0.006
Training:  42%|####2     | 2100/5000 [24:32<31:31,  1.53step/s]INFO 2026-05-15 13:32:34 ot_train.py:451 step:7K smpl:7K ep:44 epch:0.03 loss:0.856 grdn:6.463 lr:6.9e-06 updt_s:0.675 data_s:0.006
Training:  43%|####3     | 2150/5000 [25:08<35:51,  1.32step/s]INFO 2026-05-15 13:33:09 ot_train.py:451 step:7K smpl:7K ep:44 epch:0.03 loss:0.811 grdn:6.216 lr:6.8e-06 updt_s:0.697 data_s:0.006
Training:  44%|####4     | 2200/5000 [25:43<31:39,  1.47step/s]INFO 2026-05-15 13:33:44 ot_train.py:451 step:7K smpl:7K ep:45 epch:0.03 loss:0.770 grdn:6.367 lr:6.6e-06 updt_s:0.693 data_s:0.006
Training:  45%|####5     | 2250/5000 [26:17<30:23,  1.51step/s]INFO 2026-05-15 13:34:18 ot_train.py:451 step:7K smpl:7K ep:45 epch:0.03 loss:0.848 grdn:6.867 lr:6.5e-06 updt_s:0.674 data_s:0.006
Training:  46%|####6     | 2300/5000 [26:54<34:08,  1.32step/s]INFO 2026-05-15 13:34:55 ot_train.py:451 step:7K smpl:7K ep:45 epch:0.03 loss:0.767 grdn:6.059 lr:6.4e-06 updt_s:0.731 data_s:0.006
Training:  47%|####6     | 2350/5000 [27:30<29:28,  1.50step/s]INFO 2026-05-15 13:35:31 ot_train.py:451 step:7K smpl:7K ep:46 epch:0.03 loss:0.768 grdn:6.325 lr:6.2e-06 updt_s:0.710 data_s:0.006
Training:  48%|####8     | 2400/5000 [28:06<30:37,  1.42step/s]INFO 2026-05-15 13:36:07 ot_train.py:451 step:7K smpl:7K ep:46 epch:0.03 loss:0.844 grdn:6.590 lr:6.1e-06 updt_s:0.708 data_s:0.006
Training:  49%|####9     | 2450/5000 [28:42<29:10,  1.46step/s]INFO 2026-05-15 13:36:43 ot_train.py:451 step:7K smpl:7K ep:46 epch:0.03 loss:0.951 grdn:7.731 lr:6.0e-06 updt_s:0.721 data_s:0.006
Training:  50%|#####     | 2500/5000 [29:18<31:00,  1.34step/s]INFO 2026-05-15 13:37:19 ot_train.py:451 step:8K smpl:8K ep:46 epch:0.03 loss:0.868 grdn:6.468 lr:5.9e-06 updt_s:0.711 data_s:0.006
Training:  51%|#####1    | 2550/5000 [29:54<31:43,  1.29step/s]INFO 2026-05-15 13:37:56 ot_train.py:451 step:8K smpl:8K ep:47 epch:0.03 loss:0.865 grdn:6.983 lr:5.7e-06 updt_s:0.720 data_s:0.006
Training:  52%|#####2    | 2600/5000 [30:30<29:56,  1.34step/s]INFO 2026-05-15 13:38:31 ot_train.py:451 step:8K smpl:8K ep:47 epch:0.03 loss:0.756 grdn:6.136 lr:5.6e-06 updt_s:0.704 data_s:0.006
Training:  53%|#####3    | 2650/5000 [31:06<27:21,  1.43step/s]INFO 2026-05-15 13:39:07 ot_train.py:451 step:8K smpl:8K ep:47 epch:0.03 loss:0.944 grdn:7.352 lr:5.5e-06 updt_s:0.713 data_s:0.006
Training:  54%|#####4    | 2700/5000 [31:43<26:06,  1.47step/s]INFO 2026-05-15 13:39:44 ot_train.py:451 step:8K smpl:8K ep:48 epch:0.03 loss:0.794 grdn:6.387 lr:5.4e-06 updt_s:0.724 data_s:0.007
Training:  55%|#####5    | 2750/5000 [32:18<28:29,  1.32step/s]INFO 2026-05-15 13:40:19 ot_train.py:451 step:8K smpl:8K ep:48 epch:0.03 loss:0.962 grdn:7.319 lr:5.3e-06 updt_s:0.698 data_s:0.006
Training:  56%|#####6    | 2800/5000 [32:54<28:04,  1.31step/s]INFO 2026-05-15 13:40:56 ot_train.py:451 step:8K smpl:8K ep:48 epch:0.03 loss:0.748 grdn:6.279 lr:5.1e-06 updt_s:0.722 data_s:0.006
Training:  57%|#####6    | 2850/5000 [33:30<25:59,  1.38step/s]INFO 2026-05-15 13:41:31 ot_train.py:451 step:8K smpl:8K ep:49 epch:0.03 loss:0.823 grdn:6.584 lr:5.0e-06 updt_s:0.702 data_s:0.006
Training:  58%|#####8    | 2900/5000 [34:05<22:39,  1.54step/s]INFO 2026-05-15 13:42:07 ot_train.py:451 step:8K smpl:8K ep:49 epch:0.03 loss:0.779 grdn:6.060 lr:4.9e-06 updt_s:0.701 data_s:0.006
Training:  59%|#####8    | 2950/5000 [34:42<25:29,  1.34step/s]INFO 2026-05-15 13:42:43 ot_train.py:451 step:8K smpl:8K ep:49 epch:0.03 loss:0.926 grdn:7.338 lr:4.8e-06 updt_s:0.716 data_s:0.006
Training:  60%|######    | 3000/5000 [35:18<24:32,  1.36step/s]INFO 2026-05-15 13:43:19 ot_train.py:451 step:8K smpl:8K ep:50 epch:0.03 loss:0.779 grdn:6.337 lr:4.7e-06 updt_s:0.713 data_s:0.006
Training:  61%|######1   | 3050/5000 [35:52<23:19,  1.39step/s]INFO 2026-05-15 13:43:53 ot_train.py:451 step:8K smpl:8K ep:50 epch:0.03 loss:0.779 grdn:6.250 lr:4.6e-06 updt_s:0.683 data_s:0.007
Training:  62%|######2   | 3100/5000 [36:28<21:38,  1.46step/s]INFO 2026-05-15 13:44:29 ot_train.py:451 step:8K smpl:8K ep:50 epch:0.03 loss:0.964 grdn:7.535 lr:4.5e-06 updt_s:0.699 data_s:0.006
Training:  63%|######3   | 3150/5000 [37:04<20:22,  1.51step/s]INFO 2026-05-15 13:45:05 ot_train.py:451 step:8K smpl:8K ep:50 epch:0.03 loss:0.894 grdn:7.222 lr:4.4e-06 updt_s:0.712 data_s:0.007
Training:  64%|######4   | 3200/5000 [37:37<19:26,  1.54step/s]INFO 2026-05-15 13:45:38 ot_train.py:451 step:8K smpl:8K ep:51 epch:0.03 loss:0.746 grdn:5.940 lr:4.3e-06 updt_s:0.653 data_s:0.006
Training:  65%|######5   | 3250/5000 [38:13<23:17,  1.25step/s]INFO 2026-05-15 13:46:14 ot_train.py:451 step:8K smpl:8K ep:51 epch:0.03 loss:0.766 grdn:6.306 lr:4.2e-06 updt_s:0.719 data_s:0.006
Training:  66%|######6   | 3300/5000 [38:48<19:12,  1.48step/s]INFO 2026-05-15 13:46:50 ot_train.py:451 step:8K smpl:8K ep:51 epch:0.03 loss:0.773 grdn:6.246 lr:4.1e-06 updt_s:0.700 data_s:0.006
Training:  67%|######7   | 3350/5000 [39:24<20:47,  1.32step/s]INFO 2026-05-15 13:47:25 ot_train.py:451 step:8K smpl:8K ep:52 epch:0.03 loss:0.910 grdn:7.406 lr:4.0e-06 updt_s:0.712 data_s:0.006
Training:  68%|######8   | 3400/5000 [39:58<17:52,  1.49step/s]INFO 2026-05-15 13:47:59 ot_train.py:451 step:8K smpl:8K ep:52 epch:0.03 loss:0.818 grdn:6.296 lr:3.9e-06 updt_s:0.665 data_s:0.006
Training:  69%|######9   | 3450/5000 [40:33<17:13,  1.50step/s]INFO 2026-05-15 13:48:34 ot_train.py:451 step:8K smpl:8K ep:52 epch:0.03 loss:0.853 grdn:6.966 lr:3.8e-06 updt_s:0.695 data_s:0.007
Training:  70%|#######   | 3500/5000 [41:09<17:53,  1.40step/s]INFO 2026-05-15 13:49:10 ot_train.py:451 step:8K smpl:8K ep:53 epch:0.03 loss:0.865 grdn:6.636 lr:3.8e-06 updt_s:0.710 data_s:0.007
Training:  71%|#######1  | 3550/5000 [41:44<15:51,  1.52step/s]INFO 2026-05-15 13:49:45 ot_train.py:451 step:9K smpl:9K ep:53 epch:0.03 loss:0.839 grdn:6.893 lr:3.7e-06 updt_s:0.693 data_s:0.006
Training:  72%|#######2  | 3600/5000 [42:20<17:41,  1.32step/s]INFO 2026-05-15 13:50:21 ot_train.py:451 step:9K smpl:9K ep:53 epch:0.03 loss:0.813 grdn:6.678 lr:3.6e-06 updt_s:0.713 data_s:0.005
Training:  73%|#######3  | 3650/5000 [42:56<15:49,  1.42step/s]INFO 2026-05-15 13:50:58 ot_train.py:451 step:9K smpl:9K ep:54 epch:0.03 loss:0.797 grdn:6.211 lr:3.5e-06 updt_s:0.716 data_s:0.006
Training:  74%|#######4  | 3700/5000 [43:32<15:16,  1.42step/s]INFO 2026-05-15 13:51:34 ot_train.py:451 step:9K smpl:9K ep:54 epch:0.03 loss:0.836 grdn:6.858 lr:3.5e-06 updt_s:0.716 data_s:0.006
Training:  75%|#######5  | 3750/5000 [44:07<13:48,  1.51step/s]INFO 2026-05-15 13:52:09 ot_train.py:451 step:9K smpl:9K ep:54 epch:0.03 loss:0.815 grdn:6.363 lr:3.4e-06 updt_s:0.690 data_s:0.006
Training:  76%|#######6  | 3800/5000 [44:42<14:17,  1.40step/s]INFO 2026-05-15 13:52:43 ot_train.py:451 step:9K smpl:9K ep:54 epch:0.03 loss:0.777 grdn:6.134 lr:3.3e-06 updt_s:0.685 data_s:0.006
Training:  77%|#######7  | 3850/5000 [45:17<14:02,  1.37step/s]INFO 2026-05-15 13:53:18 ot_train.py:451 step:9K smpl:9K ep:55 epch:0.03 loss:0.809 grdn:6.229 lr:3.3e-06 updt_s:0.692 data_s:0.006
Training:  78%|#######8  | 3900/5000 [45:53<13:41,  1.34step/s]INFO 2026-05-15 13:53:54 ot_train.py:451 step:9K smpl:9K ep:55 epch:0.03 loss:0.852 grdn:6.324 lr:3.2e-06 updt_s:0.713 data_s:0.006
Training:  79%|#######9  | 3950/5000 [46:28<12:23,  1.41step/s]INFO 2026-05-15 13:54:29 ot_train.py:451 step:9K smpl:9K ep:55 epch:0.03 loss:0.884 grdn:7.162 lr:3.1e-06 updt_s:0.694 data_s:0.006
Training:  80%|########  | 4000/5000 [47:04<11:26,  1.46step/s]INFO 2026-05-15 13:55:05 ot_train.py:451 step:9K smpl:9K ep:56 epch:0.03 loss:0.929 grdn:7.224 lr:3.1e-06 updt_s:0.709 data_s:0.006
Training:  81%|########1 | 4050/5000 [47:40<11:04,  1.43step/s]INFO 2026-05-15 13:55:41 ot_train.py:451 step:9K smpl:9K ep:56 epch:0.03 loss:0.818 grdn:6.922 lr:3.0e-06 updt_s:0.709 data_s:0.006
Training:  82%|########2 | 4100/5000 [48:16<11:01,  1.36step/s]INFO 2026-05-15 13:56:17 ot_train.py:451 step:9K smpl:9K ep:56 epch:0.03 loss:0.719 grdn:6.133 lr:3.0e-06 updt_s:0.709 data_s:0.006
Training:  83%|########2 | 4150/5000 [48:51<09:23,  1.51step/s]INFO 2026-05-15 13:56:53 ot_train.py:451 step:9K smpl:9K ep:57 epch:0.03 loss:0.875 grdn:6.937 lr:2.9e-06 updt_s:0.705 data_s:0.006
Training:  84%|########4 | 4200/5000 [49:27<09:37,  1.39step/s]INFO 2026-05-15 13:57:28 ot_train.py:451 step:9K smpl:9K ep:57 epch:0.03 loss:0.840 grdn:6.912 lr:2.9e-06 updt_s:0.701 data_s:0.006
Training:  85%|########5 | 4250/5000 [50:02<09:03,  1.38step/s]INFO 2026-05-15 13:58:03 ot_train.py:451 step:9K smpl:9K ep:57 epch:0.03 loss:0.763 grdn:6.000 lr:2.8e-06 updt_s:0.693 data_s:0.006
Training:  86%|########6 | 4300/5000 [50:37<08:05,  1.44step/s]INFO 2026-05-15 13:58:38 ot_train.py:451 step:9K smpl:9K ep:58 epch:0.03 loss:0.764 grdn:6.124 lr:2.8e-06 updt_s:0.699 data_s:0.006
Training:  87%|########7 | 4350/5000 [51:12<07:37,  1.42step/s]INFO 2026-05-15 13:59:14 ot_train.py:451 step:9K smpl:9K ep:58 epch:0.03 loss:0.832 grdn:7.113 lr:2.8e-06 updt_s:0.698 data_s:0.006
Training:  88%|########8 | 4400/5000 [51:48<07:09,  1.40step/s]INFO 2026-05-15 13:59:50 ot_train.py:451 step:9K smpl:9K ep:58 epch:0.03 loss:0.807 grdn:6.151 lr:2.7e-06 updt_s:0.709 data_s:0.006
Training:  89%|########9 | 4450/5000 [52:23<06:07,  1.50step/s]INFO 2026-05-15 14:00:24 ot_train.py:451 step:9K smpl:9K ep:59 epch:0.03 loss:0.828 grdn:6.853 lr:2.7e-06 updt_s:0.681 data_s:0.006
Training:  90%|######### | 4500/5000 [52:57<05:18,  1.57step/s]INFO 2026-05-15 14:00:59 ot_train.py:451 step:10K smpl:10K ep:59 epch:0.03 loss:0.871 grdn:7.023 lr:2.7e-06 updt_s:0.685 data_s:0.006
Training:  91%|#########1| 4550/5000 [53:32<05:23,  1.39step/s]INFO 2026-05-15 14:01:33 ot_train.py:451 step:10K smpl:10K ep:59 epch:0.03 loss:0.851 grdn:6.768 lr:2.6e-06 updt_s:0.684 data_s:0.006
Training:  92%|#########2| 4600/5000 [54:08<04:42,  1.41step/s]INFO 2026-05-15 14:02:09 ot_train.py:451 step:10K smpl:10K ep:59 epch:0.04 loss:0.837 grdn:7.237 lr:2.6e-06 updt_s:0.715 data_s:0.006
Training:  93%|#########3| 4650/5000 [54:44<04:23,  1.33step/s]INFO 2026-05-15 14:02:46 ot_train.py:451 step:10K smpl:10K ep:60 epch:0.04 loss:0.830 grdn:7.061 lr:2.6e-06 updt_s:0.718 data_s:0.007
Training:  94%|#########3| 4700/5000 [55:19<03:25,  1.46step/s]INFO 2026-05-15 14:03:20 ot_train.py:451 step:10K smpl:10K ep:60 epch:0.04 loss:0.745 grdn:5.703 lr:2.6e-06 updt_s:0.677 data_s:0.006
Training:  95%|#########5| 4750/5000 [55:53<02:51,  1.46step/s]INFO 2026-05-15 14:03:54 ot_train.py:451 step:10K smpl:10K ep:60 epch:0.04 loss:0.918 grdn:7.384 lr:2.5e-06 updt_s:0.674 data_s:0.006
Training:  96%|#########6| 4800/5000 [56:26<02:14,  1.49step/s]INFO 2026-05-15 14:04:28 ot_train.py:451 step:10K smpl:10K ep:61 epch:0.04 loss:0.880 grdn:7.481 lr:2.5e-06 updt_s:0.663 data_s:0.006
Training:  97%|#########7| 4850/5000 [56:59<01:42,  1.46step/s]INFO 2026-05-15 14:05:01 ot_train.py:451 step:10K smpl:10K ep:61 epch:0.04 loss:0.793 grdn:6.404 lr:2.5e-06 updt_s:0.654 data_s:0.006
Training:  98%|#########8| 4900/5000 [57:34<01:11,  1.40step/s]INFO 2026-05-15 14:05:35 ot_train.py:451 step:10K smpl:10K ep:61 epch:0.04 loss:0.814 grdn:6.209 lr:2.5e-06 updt_s:0.677 data_s:0.006
Training:  99%|#########9| 4950/5000 [58:09<00:35,  1.43step/s]INFO 2026-05-15 14:06:11 ot_train.py:451 step:10K smpl:10K ep:62 epch:0.04 loss:0.891 grdn:7.104 lr:2.5e-06 updt_s:0.708 data_s:0.006
Training: 100%|##########| 5000/5000 [58:44<00:00,  1.47step/s]INFO 2026-05-15 14:06:45 ot_train.py:451 step:10K smpl:10K ep:62 epch:0.04 loss:0.798 grdn:6.642 lr:2.5e-06 updt_s:0.683 data_s:0.006
